2023-12-05 14:52:21.551 [INFO] RetryStrategy - 提取码错误: 0010
2023-12-05 14:52:21.551 [INFO] RetryStrategy - 提取码错误: a000
2023-12-05 14:52:21.551 [INFO] RetryStrategy - 提取码错误: a009
2023-12-05 14:52:21.992 [INFO] RetryStrategy - 提取码错误: a005
2023-12-05 14:52:21.994 [INFO] RetryStrategy - 提取码错误: 0007
2023-12-05 14:52:21.994 [INFO] RetryStrategy - 提取码错误: 0006
2023-12-05 14:52:22.286 [INFO] RetryStrategy - 提取码错误: 0005
2023-12-05 14:52:22.305 [INFO] RetryStrategy - 提取码错误: 0004
2023-12-05 14:52:22.330 [INFO] RetryStrategy - 提取码错误: a006
2023-12-05 14:52:22.566 [INFO] RetryStrategy - 提取码错误: a007
2023-12-05 14:52:22.594 [INFO] RetryStrategy - 提取码错误: 0002
2023-12-05 14:52:22.618 [INFO] RetryStrategy - 提取码错误: 0003
2023-12-05 14:52:22.919 [INFO] RetryStrategy - 提取码错误: 0001
2023-12-05 14:52:22.922 [INFO] RetryStrategy - 提取码错误: 0008
2023-12-05 14:52:22.928 [INFO] RetryStrategy - 提取码错误: a008
2023-12-05 14:52:23.181 [INFO] RetryStrategy - 提取码错误: a001
2023-12-05 14:52:23.186 [INFO] RetryStrategy - 提取码错误: a002
2023-12-05 14:52:23.255 [INFO] RetryStrategy - 提取码错误: a003
2023-12-05 14:52:23.532 [INFO] RetryStrategy - 提取码错误: 0009
2023-12-05 14:52:23.536 [INFO] RetryStrategy - 提取码错误: 000g
2023-12-05 14:52:23.537 [INFO] RetryStrategy - 提取码错误: 000f
2023-12-05 14:52:23.796 [INFO] RetryStrategy - 提取码错误: a004
2023-12-05 14:52:24.188 [INFO] RetryStrategy - 提取码错误: 000e
2023-12-05 14:52:24.195 [INFO] RetryStrategy - 提取码错误: a00m
2023-12-05 14:52:24.287 [INFO] RetryStrategy - 提取码错误: 000d
2023-12-05 14:52:24.784 [INFO] RetryStrategy - 提取码错误: a020
2023-12-05 14:52:24.789 [INFO] RetryStrategy - 提取码错误: 000c
2023-12-05 14:52:24.799 [INFO] RetryStrategy - 提取码错误: 000b
2023-12-05 14:52:25.102 [INFO] RetryStrategy - 提取码错误: a021
2023-12-05 14:52:25.114 [INFO] RetryStrategy - 提取码错误: 000a
2023-12-05 14:52:25.343 [INFO] RetryStrategy - 提取码错误: 0021
2023-12-05 14:52:25.354 [INFO] RetryStrategy - 提取码错误: 0020
2023-12-05 14:52:25.374 [INFO] RetryStrategy - 提取码错误: 000o
2023-12-05 14:52:25.379 [INFO] RetryStrategy - 提取码错误: 000l
2023-12-05 14:52:25.402 [INFO] RetryStrategy - 提取码错误: 000n
2023-12-05 14:52:25.408 [INFO] RetryStrategy - 提取码错误: a00o
2023-12-05 14:52:25.508 [INFO] RetryStrategy - 提取码错误: a00n
2023-12-05 14:52:25.658 [INFO] RetryStrategy - 提取码错误: 000k
2023-12-05 14:52:25.661 [INFO] RetryStrategy - 提取码错误: a00p
2023-12-05 14:52:25.673 [INFO] RetryStrategy - 提取码错误: a022
2023-12-05 14:52:25.680 [INFO] RetryStrategy - 提取码错误: 000j
2023-12-05 14:52:25.684 [INFO] RetryStrategy - 提取码错误: 000h
2023-12-05 14:52:25.709 [INFO] RetryStrategy - 提取码错误: 000m
2023-12-05 14:52:25.819 [INFO] RetryStrategy - 提取码错误: 000i
2023-12-05 14:52:25.922 [INFO] RetryStrategy - 提取码错误: 0017
2023-12-05 14:52:25.927 [INFO] RetryStrategy - 提取码错误: a00i
2023-12-05 14:52:25.970 [INFO] RetryStrategy - 提取码错误: a00j
2023-12-05 14:52:25.986 [INFO] RetryStrategy - 提取码错误: 0018
2023-12-05 14:52:25.992 [INFO] RetryStrategy - 提取码错误: 0015
2023-12-05 14:52:26.034 [INFO] RetryStrategy - 提取码错误: 0016
2023-12-05 14:52:26.216 [INFO] RetryStrategy - 提取码错误: 0011
2023-12-05 14:52:26.229 [INFO] RetryStrategy - 提取码错误: 0014
2023-12-05 14:52:26.237 [INFO] RetryStrategy - 提取码错误: 0012
2023-12-05 14:52:26.267 [INFO] RetryStrategy - 提取码错误: 0019
2023-12-05 14:52:26.291 [INFO] RetryStrategy - 提取码错误: 001h
2023-12-05 14:52:26.493 [INFO] RetryStrategy - 提取码错误: a00k
2023-12-05 14:52:26.509 [INFO] RetryStrategy - 提取码错误: 001e
2023-12-05 14:52:26.555 [INFO] RetryStrategy - 提取码错误: a00e
2023-12-05 14:52:26.567 [INFO] RetryStrategy - 提取码错误: a00l
2023-12-05 14:52:26.579 [INFO] RetryStrategy - 提取码错误: 001f
2023-12-05 14:52:26.651 [INFO] RetryStrategy - 提取码错误: 0013
2023-12-05 14:52:26.728 [INFO] RetryStrategy - 提取码错误: 001g
2023-12-05 14:52:26.817 [INFO] RetryStrategy - 提取码错误: a00f
2023-12-05 14:52:26.825 [INFO] RetryStrategy - 提取码错误: a00g
2023-12-05 14:52:26.842 [INFO] RetryStrategy - 提取码错误: 001d
2023-12-05 14:52:26.853 [INFO] RetryStrategy - 提取码错误: 001c
2023-12-05 14:52:26.886 [INFO] RetryStrategy - 提取码错误: a00h
2023-12-05 14:52:26.949 [INFO] RetryStrategy - 提取码错误: 001a
2023-12-05 14:52:27.049 [INFO] RetryStrategy - 提取码错误: a00a
2023-12-05 14:52:27.100 [INFO] RetryStrategy - 提取码错误: 001b
2023-12-05 14:52:27.123 [INFO] RetryStrategy - 提取码错误: a00c
2023-12-05 14:52:27.134 [INFO] RetryStrategy - 提取码错误: 0031
2023-12-05 14:52:27.167 [INFO] RetryStrategy - 提取码错误: 001o
2023-12-05 14:52:27.171 [INFO] RetryStrategy - 提取码错误: a00b
2023-12-05 14:52:27.274 [INFO] RetryStrategy - 提取码错误: 0032
2023-12-05 14:52:27.369 [INFO] RetryStrategy - 提取码错误: a01a
2023-12-05 14:52:27.371 [INFO] RetryStrategy - 提取码错误: a00d
2023-12-05 14:52:27.388 [INFO] RetryStrategy - 提取码错误: 001p
2023-12-05 14:52:27.395 [INFO] RetryStrategy - 提取码错误: a00y
2023-12-05 14:52:27.424 [INFO] RetryStrategy - 提取码错误: 001m
2023-12-05 14:52:27.436 [INFO] RetryStrategy - 提取码错误: a00z
2023-12-05 14:52:27.532 [INFO] RetryStrategy - 提取码错误: 0030
2023-12-05 14:52:27.658 [INFO] RetryStrategy - 提取码错误: a00v
2023-12-05 14:52:27.664 [INFO] RetryStrategy - 提取码错误: a027
2023-12-05 14:52:27.680 [INFO] RetryStrategy - 提取码错误: 001n
2023-12-05 14:52:27.702 [INFO] RetryStrategy - 提取码错误: 001k
2023-12-05 14:52:27.704 [INFO] RetryStrategy - 提取码错误: 001l
2023-12-05 14:52:27.848 [INFO] RetryStrategy - 提取码错误: 001i
2023-12-05 14:52:27.951 [INFO] RetryStrategy - 提取码错误: 001j
2023-12-05 14:52:27.969 [INFO] RetryStrategy - 提取码错误: 0029
2023-12-05 14:52:27.974 [INFO] RetryStrategy - 提取码错误: a028
2023-12-05 14:52:27.981 [INFO] RetryStrategy - 提取码错误: 0028
2023-12-05 14:52:28.003 [INFO] RetryStrategy - 提取码错误: 000v
2023-12-05 14:52:28.073 [INFO] RetryStrategy - 提取码错误: a00u
2023-12-05 14:52:28.105 [INFO] RetryStrategy - 提取码错误: 000w
2023-12-05 14:52:28.226 [INFO] RetryStrategy - 提取码错误: a00x
2023-12-05 14:52:28.232 [INFO] RetryStrategy - 提取码错误: 0026
2023-12-05 14:52:28.276 [INFO] RetryStrategy - 提取码错误: a029
2023-12-05 14:52:28.290 [INFO] RetryStrategy - 提取码错误: a00w
2023-12-05 14:52:28.301 [INFO] RetryStrategy - 提取码错误: a00q
2023-12-05 14:52:28.367 [INFO] RetryStrategy - 提取码错误: a023
2023-12-05 14:52:28.376 [INFO] RetryStrategy - 提取码错误: 000t
2023-12-05 14:52:28.490 [INFO] RetryStrategy - 提取码错误: 0027
2023-12-05 14:52:28.504 [INFO] RetryStrategy - 提取码错误: 000u
2023-12-05 14:52:28.549 [INFO] RetryStrategy - 提取码错误: 0024
2023-12-05 14:52:28.563 [INFO] RetryStrategy - 提取码错误: 000r
2023-12-05 14:52:28.567 [INFO] RetryStrategy - 提取码错误: a00r
2023-12-05 14:52:28.646 [INFO] RetryStrategy - 提取码错误: a024
2023-12-05 14:52:28.658 [INFO] RetryStrategy - 提取码错误: a00s
2023-12-05 14:52:28.800 [INFO] RetryStrategy - 提取码错误: 0025
2023-12-05 14:52:28.827 [INFO] RetryStrategy - 提取码错误: 000s
2023-12-05 14:52:28.853 [INFO] RetryStrategy - 提取码错误: 000p
2023-12-05 14:52:28.889 [INFO] RetryStrategy - 提取码错误: 0022
2023-12-05 14:52:28.919 [INFO] RetryStrategy - 提取码错误: 0023
2023-12-05 14:52:28.980 [INFO] RetryStrategy - 提取码错误: 000q
2023-12-05 14:52:29.078 [INFO] RetryStrategy - 提取码错误: 000z
2023-12-05 14:52:29.086 [INFO] RetryStrategy - 提取码错误: 000x
2023-12-05 14:52:29.168 [INFO] RetryStrategy - 提取码错误: 002h
2023-12-05 14:52:29.174 [INFO] RetryStrategy - 提取码错误: 002i
2023-12-05 14:52:29.186 [INFO] RetryStrategy - 提取码错误: a025
2023-12-05 14:52:29.219 [INFO] RetryStrategy - 提取码错误: 000y
2023-12-05 14:52:29.241 [INFO] RetryStrategy - 提取码错误: a00t
2023-12-05 14:52:29.348 [INFO] RetryStrategy - 提取码错误: 002f
2023-12-05 14:52:29.405 [INFO] RetryStrategy - 提取码错误: 002g
2023-12-05 14:52:29.458 [INFO] RetryStrategy - 提取码错误: 002d
2023-12-05 14:52:29.475 [INFO] RetryStrategy - 提取码错误: 002e
2023-12-05 14:52:29.476 [INFO] RetryStrategy - 提取码错误: 002b
2023-12-05 14:52:29.479 [INFO] RetryStrategy - 提取码错误: a026
2023-12-05 14:52:29.518 [INFO] RetryStrategy - 提取码错误: a010
2023-12-05 14:52:29.636 [INFO] RetryStrategy - 提取码错误: 002c
2023-12-05 14:52:29.738 [INFO] RetryStrategy - 提取码错误: a011
2023-12-05 14:52:29.740 [INFO] RetryStrategy - 提取码错误: a017
2023-12-05 14:52:29.758 [INFO] RetryStrategy - 提取码错误: a016
2023-12-05 14:52:29.788 [INFO] RetryStrategy - 提取码错误: a018
2023-12-05 14:52:29.795 [INFO] RetryStrategy - 提取码错误: a019
2023-12-05 14:52:29.889 [INFO] RetryStrategy - 提取码错误: 002p
2023-12-05 14:52:30.008 [INFO] RetryStrategy - 提取码错误: a013
2023-12-05 14:52:30.019 [INFO] RetryStrategy - 提取码错误: a012
2023-12-05 14:52:30.044 [INFO] RetryStrategy - 提取码错误: 002q
2023-12-05 14:52:30.049 [INFO] RetryStrategy - 提取码错误: 0040
2023-12-05 14:52:30.072 [INFO] RetryStrategy - 提取码错误: 0043
2023-12-05 14:52:30.121 [INFO] RetryStrategy - 提取码错误: 0042
2023-12-05 14:52:30.163 [INFO] RetryStrategy - 提取码错误: 002n
2023-12-05 14:52:30.278 [INFO] RetryStrategy - 提取码错误: 0041
2023-12-05 14:52:30.283 [INFO] RetryStrategy - 提取码错误: a014
2023-12-05 14:52:30.318 [INFO] RetryStrategy - 提取码错误: 002o
2023-12-05 14:52:30.340 [INFO] RetryStrategy - 提取码错误: 002l
2023-12-05 14:52:30.404 [INFO] RetryStrategy - 提取码错误: 002j
2023-12-05 14:52:30.419 [INFO] RetryStrategy - 提取码错误: 002m
2023-12-05 14:52:30.447 [INFO] RetryStrategy - 提取码错误: 002k
2023-12-05 14:52:30.526 [INFO] RetryStrategy - 提取码错误: a015
2023-12-05 14:52:30.550 [INFO] RetryStrategy - 提取码错误: 0039
2023-12-05 14:52:30.600 [INFO] RetryStrategy - 提取码错误: 001w
2023-12-05 14:52:30.642 [INFO] RetryStrategy - 提取码错误: a041
2023-12-05 14:52:30.653 [INFO] RetryStrategy - 提取码错误: 001x
2023-12-05 14:52:30.711 [INFO] RetryStrategy - 提取码错误: 0037
2023-12-05 14:52:30.720 [INFO] RetryStrategy - 提取码错误: 001u
2023-12-05 14:52:30.872 [INFO] RetryStrategy - 提取码错误: 001v
2023-12-05 14:52:30.872 [INFO] RetryStrategy - 提取码错误: 0035
2023-12-05 14:52:30.918 [INFO] RetryStrategy - 提取码错误: a02o
2023-12-05 14:52:30.963 [INFO] RetryStrategy - 提取码错误: 001s
2023-12-05 14:52:30.977 [INFO] RetryStrategy - 提取码错误: a02p
2023-12-05 14:52:31.123 [INFO] RetryStrategy - 提取码错误: a042
2023-12-05 14:52:31.158 [INFO] RetryStrategy - 提取码错误: 0036
2023-12-05 14:52:31.160 [INFO] RetryStrategy - 提取码错误: 001t
2023-12-05 14:52:31.215 [INFO] RetryStrategy - 提取码错误: 0038
2023-12-05 14:52:31.220 [INFO] RetryStrategy - 提取码错误: a043
2023-12-05 14:52:31.245 [INFO] RetryStrategy - 提取码错误: 0033
2023-12-05 14:52:31.372 [INFO] RetryStrategy - 提取码错误: a02q
2023-12-05 14:52:31.405 [INFO] RetryStrategy - 提取码错误: a02r
2023-12-05 14:52:31.423 [INFO] RetryStrategy - 提取码错误: 0034
2023-12-05 14:52:31.431 [INFO] RetryStrategy - 提取码错误: 001q
2023-12-05 14:52:31.454 [INFO] RetryStrategy - 提取码错误: 001r
2023-12-05 14:52:31.528 [INFO] RetryStrategy - 提取码错误: 002a
2023-12-05 14:52:31.645 [INFO] RetryStrategy - 提取码错误: 001y
2023-12-05 14:52:31.649 [INFO] RetryStrategy - 提取码错误: a044
2023-12-05 14:52:31.680 [INFO] RetryStrategy - 提取码错误: 001z
2023-12-05 14:52:31.704 [INFO] RetryStrategy - 提取码错误: a02k
2023-12-05 14:52:31.730 [INFO] RetryStrategy - 提取码错误: 003j
2023-12-05 14:52:31.797 [INFO] RetryStrategy - 提取码错误: 003g
2023-12-05 14:52:31.907 [INFO] RetryStrategy - 提取码错误: a02l
2023-12-05 14:52:31.911 [INFO] RetryStrategy - 提取码错误: 003h
2023-12-05 14:52:31.930 [INFO] RetryStrategy - 提取码错误: 003i
2023-12-05 14:52:31.947 [INFO] RetryStrategy - 提取码错误: 003e
2023-12-05 14:52:32.001 [INFO] RetryStrategy - 提取码错误: 003c
2023-12-05 14:52:32.091 [INFO] RetryStrategy - 提取码错误: 003d
2023-12-05 14:52:32.167 [INFO] RetryStrategy - 提取码错误: a040
2023-12-05 14:52:32.188 [INFO] RetryStrategy - 提取码错误: a02n
2023-12-05 14:52:32.197 [INFO] RetryStrategy - 提取码错误: 0053
2023-12-05 14:52:32.264 [INFO] RetryStrategy - 提取码错误: a02m
2023-12-05 14:52:32.275 [INFO] RetryStrategy - 提取码错误: 003q
2023-12-05 14:52:32.349 [INFO] RetryStrategy - 提取码错误: 0054
2023-12-05 14:52:32.427 [INFO] RetryStrategy - 提取码错误: 003r
2023-12-05 14:52:32.461 [INFO] RetryStrategy - 提取码错误: 0051
2023-12-05 14:52:32.474 [INFO] RetryStrategy - 提取码错误: 003f
2023-12-05 14:52:32.506 [INFO] RetryStrategy - 提取码错误: a02g
2023-12-05 14:52:32.526 [INFO] RetryStrategy - 提取码错误: 003o
2023-12-05 14:52:32.538 [INFO] RetryStrategy - 提取码错误: 0052
2023-12-05 14:52:32.604 [INFO] RetryStrategy - 提取码错误: 003p
2023-12-05 14:52:32.708 [INFO] RetryStrategy - 提取码错误: a02h
2023-12-05 14:52:32.751 [INFO] RetryStrategy - 提取码错误: a02i
2023-12-05 14:52:32.757 [INFO] RetryStrategy - 提取码错误: 003m
2023-12-05 14:52:32.809 [INFO] RetryStrategy - 提取码错误: 0050
2023-12-05 14:52:32.820 [INFO] RetryStrategy - 提取码错误: 003n
2023-12-05 14:52:32.827 [INFO] RetryStrategy - 提取码错误: 003k
2023-12-05 14:52:32.867 [INFO] RetryStrategy - 提取码错误: 003l
2023-12-05 14:52:33.006 [INFO] RetryStrategy - 提取码错误: a02j
2023-12-05 14:52:33.022 [INFO] RetryStrategy - 提取码错误: a02d
2023-12-05 14:52:33.028 [INFO] RetryStrategy - 提取码错误: a02c
2023-12-05 14:52:33.047 [INFO] RetryStrategy - 提取码错误: a02e
2023-12-05 14:52:33.079 [INFO] RetryStrategy - 提取码错误: 002x
2023-12-05 14:52:33.115 [INFO] RetryStrategy - 提取码错误: 002y
2023-12-05 14:52:33.138 [INFO] RetryStrategy - 提取码错误: a02f
2023-12-05 14:52:33.299 [INFO] RetryStrategy - 提取码错误: 002w
2023-12-05 14:52:33.303 [INFO] RetryStrategy - 提取码错误: 0048
2023-12-05 14:52:33.327 [INFO] RetryStrategy - 提取码错误: a03a
2023-12-05 14:52:33.339 [INFO] RetryStrategy - 提取码错误: 0049
2023-12-05 14:52:33.347 [INFO] RetryStrategy - 提取码错误: 002v
2023-12-05 14:52:33.404 [INFO] RetryStrategy - 提取码错误: a03b
2023-12-05 14:52:33.419 [INFO] RetryStrategy - 提取码错误: a03c
2023-12-05 14:52:33.560 [INFO] RetryStrategy - 提取码错误: 0046
2023-12-05 14:52:33.569 [INFO] RetryStrategy - 提取码错误: 002t
2023-12-05 14:52:33.599 [INFO] RetryStrategy - 提取码错误: 0047
2023-12-05 14:52:33.616 [INFO] RetryStrategy - 提取码错误: 002u
2023-12-05 14:52:33.642 [INFO] RetryStrategy - 提取码错误: 0044
2023-12-05 14:52:33.672 [INFO] RetryStrategy - 提取码错误: 002r
2023-12-05 14:52:33.680 [INFO] RetryStrategy - 提取码错误: 0045
2023-12-05 14:52:33.841 [INFO] RetryStrategy - 提取码错误: 002s
2023-12-05 14:52:33.850 [INFO] RetryStrategy - 提取码错误: 003a
2023-12-05 14:52:33.890 [INFO] RetryStrategy - 提取码错误: 003b
2023-12-05 14:52:33.911 [INFO] RetryStrategy - 提取码错误: 004k
2023-12-05 14:52:33.922 [INFO] RetryStrategy - 提取码错误: 002z
2023-12-05 14:52:33.930 [INFO] RetryStrategy - 提取码错误: 004j
2023-12-05 14:52:33.943 [INFO] RetryStrategy - 提取码错误: 004h
2023-12-05 14:52:34.126 [INFO] RetryStrategy - 提取码错误: a02w
2023-12-05 14:52:34.132 [INFO] RetryStrategy - 提取码错误: a049
2023-12-05 14:52:34.167 [INFO] RetryStrategy - 提取码错误: 004i
2023-12-05 14:52:34.191 [INFO] RetryStrategy - 提取码错误: 004f
2023-12-05 14:52:34.196 [INFO] RetryStrategy - 提取码错误: 004g
2023-12-05 14:52:34.232 [INFO] RetryStrategy - 提取码错误: 004d
2023-12-05 14:52:34.304 [INFO] RetryStrategy - 提取码错误: 004e
2023-12-05 14:52:34.389 [INFO] RetryStrategy - 提取码错误: 004r
2023-12-05 14:52:34.441 [INFO] RetryStrategy - 提取码错误: 004s
2023-12-05 14:52:34.467 [INFO] RetryStrategy - 提取码错误: 0062
2023-12-05 14:52:34.473 [INFO] RetryStrategy - 提取码错误: 0065
2023-12-05 14:52:34.501 [INFO] RetryStrategy - 提取码错误: 004p
2023-12-05 14:52:34.524 [INFO] RetryStrategy - 提取码错误: 0064
2023-12-05 14:52:34.574 [INFO] RetryStrategy - 提取码错误: 0063
2023-12-05 14:52:34.727 [INFO] RetryStrategy - 提取码错误: 004n
2023-12-05 14:52:34.744 [INFO] RetryStrategy - 提取码错误: 004q
2023-12-05 14:52:34.747 [INFO] RetryStrategy - 提取码错误: 0061
2023-12-05 14:52:34.767 [INFO] RetryStrategy - 提取码错误: 0060
2023-12-05 14:52:34.804 [INFO] RetryStrategy - 提取码错误: 004o
2023-12-05 14:52:34.808 [INFO] RetryStrategy - 提取码错误: a02x
2023-12-05 14:52:34.847 [INFO] RetryStrategy - 提取码错误: 004l
2023-12-05 14:52:34.995 [INFO] RetryStrategy - 提取码错误: a02y
2023-12-05 14:52:35.010 [INFO] RetryStrategy - 提取码错误: 004m
2023-12-05 14:52:35.021 [INFO] RetryStrategy - 提取码错误: 003y
2023-12-05 14:52:35.053 [INFO] RetryStrategy - 提取码错误: 003z
2023-12-05 14:52:35.088 [INFO] RetryStrategy - 提取码错误: 0059
2023-12-05 14:52:35.113 [INFO] RetryStrategy - 提取码错误: a02z
2023-12-05 14:52:35.169 [INFO] RetryStrategy - 提取码错误: a02s
2023-12-05 14:52:35.278 [INFO] RetryStrategy - 提取码错误: 003w
2023-12-05 14:52:35.293 [INFO] RetryStrategy - 提取码错误: 003x
2023-12-05 14:52:35.296 [INFO] RetryStrategy - 提取码错误: a045
2023-12-05 14:52:35.323 [INFO] RetryStrategy - 提取码错误: 0057
2023-12-05 14:52:35.344 [INFO] RetryStrategy - 提取码错误: a02t
2023-12-05 14:52:35.397 [INFO] RetryStrategy - 提取码错误: 003u
2023-12-05 14:52:35.476 [INFO] RetryStrategy - 提取码错误: a046
2023-12-05 14:52:35.571 [INFO] RetryStrategy - 提取码错误: 003v
2023-12-05 14:52:35.609 [INFO] RetryStrategy - 提取码错误: 0058
2023-12-05 14:52:35.617 [INFO] RetryStrategy - 提取码错误: 003s
2023-12-05 14:52:35.642 [INFO] RetryStrategy - 提取码错误: a02u
2023-12-05 14:52:35.675 [INFO] RetryStrategy - 提取码错误: a047
2023-12-05 14:52:35.757 [INFO] RetryStrategy - 提取码错误: a02v
2023-12-05 14:52:35.856 [INFO] RetryStrategy - 提取码错误: 0056
2023-12-05 14:52:35.860 [INFO] RetryStrategy - 提取码错误: a048
2023-12-05 14:52:35.914 [INFO] RetryStrategy - 提取码错误: 004b
2023-12-05 14:52:35.938 [INFO] RetryStrategy - 提取码错误: 004c
2023-12-05 14:52:35.960 [INFO] RetryStrategy - 提取码错误: 003t
2023-12-05 14:52:36.011 [INFO] RetryStrategy - 提取码错误: 004a
2023-12-05 14:52:36.068 [INFO] RetryStrategy - 提取码错误: 0055
2023-12-05 14:52:36.126 [INFO] RetryStrategy - 提取码错误: 005k
2023-12-05 14:52:36.128 [INFO] RetryStrategy - 提取码错误: 005l
2023-12-05 14:52:36.225 [INFO] RetryStrategy - 提取码错误: 005i
2023-12-05 14:52:36.259 [INFO] RetryStrategy - 提取码错误: 005j
2023-12-05 14:52:36.290 [INFO] RetryStrategy - 提取码错误: 005g
2023-12-05 14:52:36.316 [INFO] RetryStrategy - 提取码错误: 005h
2023-12-05 14:52:36.393 [INFO] RetryStrategy - 提取码错误: 005e
2023-12-05 14:52:36.416 [INFO] RetryStrategy - 提取码错误: 005f
2023-12-05 14:52:36.503 [INFO] RetryStrategy - 提取码错误: 0075
2023-12-05 14:52:36.564 [INFO] RetryStrategy - 提取码错误: 0076
2023-12-05 14:52:36.595 [INFO] RetryStrategy - 提取码错误: a030
2023-12-05 14:52:36.597 [INFO] RetryStrategy - 提取码错误: 005s
2023-12-05 14:52:36.612 [INFO] RetryStrategy - 提取码错误: a01n
2023-12-05 14:52:36.659 [INFO] RetryStrategy - 提取码错误: 005t
2023-12-05 14:52:36.677 [INFO] RetryStrategy - 提取码错误: 0073
2023-12-05 14:52:36.807 [INFO] RetryStrategy - 提取码错误: 005q
2023-12-05 14:52:36.826 [INFO] RetryStrategy - 提取码错误: a031
2023-12-05 14:52:36.902 [INFO] RetryStrategy - 提取码错误: 005r
2023-12-05 14:52:36.909 [INFO] RetryStrategy - 提取码错误: 0071
2023-12-05 14:52:36.914 [INFO] RetryStrategy - 提取码错误: 0074
2023-12-05 14:52:36.935 [INFO] RetryStrategy - 提取码错误: 005o
2023-12-05 14:52:37.122 [INFO] RetryStrategy - 提取码错误: a032
2023-12-05 14:52:37.180 [INFO] RetryStrategy - 提取码错误: 0072
2023-12-05 14:52:37.227 [INFO] RetryStrategy - 提取码错误: 005p
2023-12-05 14:52:37.228 [INFO] RetryStrategy - 提取码错误: a033
2023-12-05 14:52:37.230 [INFO] RetryStrategy - 提取码错误: a01q
2023-12-05 14:52:37.267 [INFO] RetryStrategy - 提取码错误: a01p
2023-12-05 14:52:37.398 [INFO] RetryStrategy - 提取码错误: 005m
2023-12-05 14:52:37.439 [INFO] RetryStrategy - 提取码错误: 0070
2023-12-05 14:52:37.508 [INFO] RetryStrategy - 提取码错误: a01o
2023-12-05 14:52:37.530 [INFO] RetryStrategy - 提取码错误: a01k
2023-12-05 14:52:37.533 [INFO] RetryStrategy - 提取码错误: 004z
2023-12-05 14:52:37.552 [INFO] RetryStrategy - 提取码错误: a01j
2023-12-05 14:52:37.564 [INFO] RetryStrategy - 提取码错误: 005n
2023-12-05 14:52:37.719 [INFO] RetryStrategy - 提取码错误: 004x
2023-12-05 14:52:37.756 [INFO] RetryStrategy - 提取码错误: a01l
2023-12-05 14:52:37.789 [INFO] RetryStrategy - 提取码错误: 004y
2023-12-05 14:52:37.807 [INFO] RetryStrategy - 提取码错误: 0068
2023-12-05 14:52:37.821 [INFO] RetryStrategy - 提取码错误: a01m
2023-12-05 14:52:37.828 [INFO] RetryStrategy - 提取码错误: 004v
2023-12-05 14:52:37.883 [INFO] RetryStrategy - 提取码错误: 0069
2023-12-05 14:52:38.014 [INFO] RetryStrategy - 提取码错误: a01f
2023-12-05 14:52:38.033 [INFO] RetryStrategy - 提取码错误: 004w
2023-12-05 14:52:38.049 [INFO] RetryStrategy - 提取码错误: 0066
2023-12-05 14:52:38.077 [INFO] RetryStrategy - 提取码错误: a01h
2023-12-05 14:52:38.078 [INFO] RetryStrategy - 提取码错误: a01g
2023-12-05 14:52:38.083 [INFO] RetryStrategy - 提取码错误: a01i
2023-12-05 14:52:38.131 [INFO] RetryStrategy - 提取码错误: 004t
2023-12-05 14:52:38.277 [INFO] RetryStrategy - 提取码错误: a01b
2023-12-05 14:52:38.328 [INFO] RetryStrategy - 提取码错误: 0067
2023-12-05 14:52:38.340 [INFO] RetryStrategy - 提取码错误: 004u
2023-12-05 14:52:38.361 [INFO] RetryStrategy - 提取码错误: 005c
2023-12-05 14:52:38.367 [INFO] RetryStrategy - 提取码错误: 005d
2023-12-05 14:52:38.392 [INFO] RetryStrategy - 提取码错误: a01c
2023-12-05 14:52:38.422 [INFO] RetryStrategy - 提取码错误: 005a
2023-12-05 14:52:38.540 [INFO] RetryStrategy - 提取码错误: 005b
2023-12-05 14:52:38.592 [INFO] RetryStrategy - 提取码错误: 006m
2023-12-05 14:52:38.617 [INFO] RetryStrategy - 提取码错误: 006l
2023-12-05 14:52:38.620 [INFO] RetryStrategy - 提取码错误: 006j
2023-12-05 14:52:38.671 [INFO] RetryStrategy - 提取码错误: a01d
2023-12-05 14:52:38.684 [INFO] RetryStrategy - 提取码错误: 006k
2023-12-05 14:52:38.720 [INFO] RetryStrategy - 提取码错误: 006h
2023-12-05 14:52:38.849 [INFO] RetryStrategy - 提取码错误: 006i
2023-12-05 14:52:38.878 [INFO] RetryStrategy - 提取码错误: 006f
2023-12-05 14:52:38.912 [INFO] RetryStrategy - 提取码错误: 006g
2023-12-05 14:52:38.919 [INFO] RetryStrategy - 提取码错误: a01e
2023-12-05 14:52:38.949 [INFO] RetryStrategy - 提取码错误: a02a
2023-12-05 14:52:39.012 [INFO] RetryStrategy - 提取码错误: 006t
2023-12-05 14:52:39.022 [INFO] RetryStrategy - 提取码错误: 0086
2023-12-05 14:52:39.143 [INFO] RetryStrategy - 提取码错误: 0087
2023-12-05 14:52:39.146 [INFO] RetryStrategy - 提取码错误: a02b
2023-12-05 14:52:39.171 [INFO] RetryStrategy - 提取码错误: 006u
2023-12-05 14:52:39.176 [INFO] RetryStrategy - 提取码错误: 0084
2023-12-05 14:52:39.221 [INFO] RetryStrategy - 提取码错误: 006r
2023-12-05 14:52:39.269 [INFO] RetryStrategy - 提取码错误: 006s
2023-12-05 14:52:39.271 [INFO] RetryStrategy - 提取码错误: 0085
2023-12-05 14:52:39.435 [INFO] RetryStrategy - 提取码错误: 006p
2023-12-05 14:52:39.439 [INFO] RetryStrategy - 提取码错误: 0083
2023-12-05 14:52:39.484 [INFO] RetryStrategy - 提取码错误: 006q
2023-12-05 14:52:39.494 [INFO] RetryStrategy - 提取码错误: 0080
2023-12-05 14:52:39.536 [INFO] RetryStrategy - 提取码错误: 0082
2023-12-05 14:52:39.553 [INFO] RetryStrategy - 提取码错误: 006n
2023-12-05 14:52:39.694 [INFO] RetryStrategy - 提取码错误: 006o
2023-12-05 14:52:39.735 [INFO] RetryStrategy - 提取码错误: a01z
2023-12-05 14:52:39.758 [INFO] RetryStrategy - 提取码错误: 005y
2023-12-05 14:52:39.795 [INFO] RetryStrategy - 提取码错误: 0079
2023-12-05 14:52:39.824 [INFO] RetryStrategy - 提取码错误: 0081
2023-12-05 14:52:39.829 [INFO] RetryStrategy - 提取码错误: 005w
2023-12-05 14:52:39.975 [INFO] RetryStrategy - 提取码错误: a01v
2023-12-05 14:52:40.026 [INFO] RetryStrategy - 提取码错误: 0077
2023-12-05 14:52:40.066 [INFO] RetryStrategy - 提取码错误: 005u
2023-12-05 14:52:40.084 [INFO] RetryStrategy - 提取码错误: 005v
2023-12-05 14:52:40.108 [INFO] RetryStrategy - 提取码错误: 0078
2023-12-05 14:52:40.114 [INFO] RetryStrategy - 提取码错误: 005x
2023-12-05 14:52:40.210 [INFO] RetryStrategy - 提取码错误: 005z
2023-12-05 14:52:40.300 [INFO] RetryStrategy - 提取码错误: 006d
2023-12-05 14:52:40.319 [INFO] RetryStrategy - 提取码错误: 006e
2023-12-05 14:52:40.334 [INFO] RetryStrategy - 提取码错误: 006b
2023-12-05 14:52:40.359 [INFO] RetryStrategy - 提取码错误: 006c
2023-12-05 14:52:40.368 [INFO] RetryStrategy - 提取码错误: a038
2023-12-05 14:52:40.422 [INFO] RetryStrategy - 提取码错误: 006a
2023-12-05 14:52:40.474 [INFO] RetryStrategy - 提取码错误: a01w
2023-12-05 14:52:40.591 [INFO] RetryStrategy - 提取码错误: 0090
2023-12-05 14:52:40.612 [INFO] RetryStrategy - 提取码错误: 007n
2023-12-05 14:52:40.643 [INFO] RetryStrategy - 提取码错误: a039
2023-12-05 14:52:40.686 [INFO] RetryStrategy - 提取码错误: 007k
2023-12-05 14:52:40.747 [INFO] RetryStrategy - 提取码错误: a01y
2023-12-05 14:52:40.758 [INFO] RetryStrategy - 提取码错误: a01x
2023-12-05 14:52:40.850 [INFO] RetryStrategy - 提取码错误: a01r
2023-12-05 14:52:40.904 [INFO] RetryStrategy - 提取码错误: a034
2023-12-05 14:52:40.928 [INFO] RetryStrategy - 提取码错误: 007l
2023-12-05 14:52:40.961 [INFO] RetryStrategy - 提取码错误: 007i
2023-12-05 14:52:40.999 [INFO] RetryStrategy - 提取码错误: 007m
2023-12-05 14:52:41.025 [INFO] RetryStrategy - 提取码错误: 007j
2023-12-05 14:52:41.038 [INFO] RetryStrategy - 提取码错误: 007g
2023-12-05 14:52:41.106 [INFO] RetryStrategy - 提取码错误: 007h
2023-12-05 14:52:41.176 [INFO] RetryStrategy - 提取码错误: 0097
2023-12-05 14:52:41.227 [INFO] RetryStrategy - 提取码错误: 0098
2023-12-05 14:52:41.239 [INFO] RetryStrategy - 提取码错误: 007u
2023-12-05 14:52:41.299 [INFO] RetryStrategy - 提取码错误: 007v
2023-12-05 14:52:41.312 [INFO] RetryStrategy - 提取码错误: 0095
2023-12-05 14:52:41.363 [INFO] RetryStrategy - 提取码错误: 0096
2023-12-05 14:52:41.370 [INFO] RetryStrategy - 提取码错误: 007s
2023-12-05 14:52:41.456 [INFO] RetryStrategy - 提取码错误: 007t
2023-12-05 14:52:41.496 [INFO] RetryStrategy - 提取码错误: 0093
2023-12-05 14:52:41.558 [INFO] RetryStrategy - 提取码错误: 0094
2023-12-05 14:52:41.585 [INFO] RetryStrategy - 提取码错误: 007q
2023-12-05 14:52:41.603 [INFO] RetryStrategy - 提取码错误: 007r
2023-12-05 14:52:41.674 [INFO] RetryStrategy - 提取码错误: a01s
2023-12-05 14:52:41.733 [INFO] RetryStrategy - 提取码错误: a035
2023-12-05 14:52:41.755 [INFO] RetryStrategy - 提取码错误: 007o
2023-12-05 14:52:41.877 [INFO] RetryStrategy - 提取码错误: 0092
2023-12-05 14:52:41.887 [INFO] RetryStrategy - 提取码错误: 007p
2023-12-05 14:52:41.957 [INFO] RetryStrategy - 提取码错误: 006z
2023-12-05 14:52:41.963 [INFO] RetryStrategy - 提取码错误: a01t
2023-12-05 14:52:41.998 [INFO] RetryStrategy - 提取码错误: 006x
2023-12-05 14:52:42.008 [INFO] RetryStrategy - 提取码错误: a036
2023-12-05 14:52:42.051 [INFO] RetryStrategy - 提取码错误: 0091
2023-12-05 14:52:42.137 [INFO] RetryStrategy - 提取码错误: a01u
2023-12-05 14:52:42.147 [INFO] RetryStrategy - 提取码错误: 006y
2023-12-05 14:52:42.226 [INFO] RetryStrategy - 提取码错误: a037
2023-12-05 14:52:42.234 [INFO] RetryStrategy - 提取码错误: a063
2023-12-05 14:52:42.298 [INFO] RetryStrategy - 提取码错误: a04q
2023-12-05 14:52:42.305 [INFO] RetryStrategy - 提取码错误: 006v
2023-12-05 14:52:42.312 [INFO] RetryStrategy - 提取码错误: 0088
2023-12-05 14:52:42.417 [INFO] RetryStrategy - 提取码错误: 0089
2023-12-05 14:52:42.420 [INFO] RetryStrategy - 提取码错误: 006w
2023-12-05 14:52:42.464 [INFO] RetryStrategy - 提取码错误: 007e
2023-12-05 14:52:42.564 [INFO] RetryStrategy - 提取码错误: 007f
2023-12-05 14:52:42.570 [INFO] RetryStrategy - 提取码错误: 007c
2023-12-05 14:52:42.580 [INFO] RetryStrategy - 提取码错误: 007d
2023-12-05 14:52:42.600 [INFO] RetryStrategy - 提取码错误: a064
2023-12-05 14:52:42.701 [INFO] RetryStrategy - 提取码错误: 007b
2023-12-05 14:52:42.744 [INFO] RetryStrategy - 提取码错误: 008n
2023-12-05 14:52:42.824 [INFO] RetryStrategy - 提取码错误: 008l
2023-12-05 14:52:42.853 [INFO] RetryStrategy - 提取码错误: 008o
2023-12-05 14:52:42.870 [INFO] RetryStrategy - 提取码错误: a04r
2023-12-05 14:52:42.943 [INFO] RetryStrategy - 提取码错误: 008m
2023-12-05 14:52:42.991 [INFO] RetryStrategy - 提取码错误: 008j
2023-12-05 14:52:43.003 [INFO] RetryStrategy - 提取码错误: 008k
2023-12-05 14:52:43.109 [INFO] RetryStrategy - 提取码错误: 007a
2023-12-05 14:52:43.126 [INFO] RetryStrategy - 提取码错误: 008v
2023-12-05 14:52:43.224 [INFO] RetryStrategy - 提取码错误: 008w
2023-12-05 14:52:43.342 [INFO] RetryStrategy - 提取码错误: 008u
2023-12-05 14:52:43.367 [INFO] RetryStrategy - 提取码错误: 008i
2023-12-05 14:52:43.392 [INFO] RetryStrategy - 提取码错误: 008r
2023-12-05 14:52:43.460 [INFO] RetryStrategy - 提取码错误: 008s
2023-12-05 14:52:43.498 [INFO] RetryStrategy - 提取码错误: a065
2023-12-05 14:52:43.514 [INFO] RetryStrategy - 提取码错误: 008h
2023-12-05 14:52:43.632 [INFO] RetryStrategy - 提取码错误: a04s
2023-12-05 14:52:43.664 [INFO] RetryStrategy - 提取码错误: a04t
2023-12-05 14:52:43.711 [INFO] RetryStrategy - 提取码错误: 008t
2023-12-05 14:52:43.753 [INFO] RetryStrategy - 提取码错误: 008q
2023-12-05 14:52:43.764 [INFO] RetryStrategy - 提取码错误: a066
2023-12-05 14:52:43.817 [INFO] RetryStrategy - 提取码错误: 007y
2023-12-05 14:52:43.911 [INFO] RetryStrategy - 提取码错误: 007z
2023-12-05 14:52:44.004 [INFO] RetryStrategy - 提取码错误: 008p
2023-12-05 14:52:44.035 [INFO] RetryStrategy - 提取码错误: 007x
2023-12-05 14:52:44.061 [INFO] RetryStrategy - 提取码错误: 008f
2023-12-05 14:52:44.100 [INFO] RetryStrategy - 提取码错误: 008g
2023-12-05 14:52:44.169 [INFO] RetryStrategy - 提取码错误: a04m
2023-12-05 14:52:44.280 [INFO] RetryStrategy - 提取码错误: 008d
2023-12-05 14:52:44.305 [INFO] RetryStrategy - 提取码错误: 007w
2023-12-05 14:52:44.309 [INFO] RetryStrategy - 提取码错误: 008e
2023-12-05 14:52:44.360 [INFO] RetryStrategy - 提取码错误: 008b
2023-12-05 14:52:44.367 [INFO] RetryStrategy - 提取码错误: 008c
2023-12-05 14:52:44.395 [INFO] RetryStrategy - 提取码错误: 0099
2023-12-05 14:52:44.453 [INFO] RetryStrategy - 提取码错误: 008a
2023-12-05 14:52:44.564 [INFO] RetryStrategy - 提取码错误: 009o
2023-12-05 14:52:44.583 [INFO] RetryStrategy - 提取码错误: 009m
2023-12-05 14:52:44.644 [INFO] RetryStrategy - 提取码错误: 009k
2023-12-05 14:52:44.647 [INFO] RetryStrategy - 提取码错误: 009n
2023-12-05 14:52:44.709 [INFO] RetryStrategy - 提取码错误: a060
2023-12-05 14:52:44.785 [INFO] RetryStrategy - 提取码错误: 009l
2023-12-05 14:52:44.825 [INFO] RetryStrategy - 提取码错误: a04n
2023-12-05 14:52:44.888 [INFO] RetryStrategy - 提取码错误: 009i
2023-12-05 14:52:44.940 [INFO] RetryStrategy - 提取码错误: a04o
2023-12-05 14:52:44.980 [INFO] RetryStrategy - 提取码错误: a061
2023-12-05 14:52:45.006 [INFO] RetryStrategy - 提取码错误: 009p
2023-12-05 14:52:45.041 [INFO] RetryStrategy - 提取码错误: 009j
2023-12-05 14:52:45.097 [INFO] RetryStrategy - 提取码错误: 009x
2023-12-05 14:52:45.151 [INFO] RetryStrategy - 提取码错误: 009u
2023-12-05 14:52:45.199 [INFO] RetryStrategy - 提取码错误: 009v
2023-12-05 14:52:45.248 [INFO] RetryStrategy - 提取码错误: 009s
2023-12-05 14:52:45.300 [INFO] RetryStrategy - 提取码错误: 009q
2023-12-05 14:52:45.304 [INFO] RetryStrategy - 提取码错误: 009t
2023-12-05 14:52:45.371 [INFO] RetryStrategy - 提取码错误: 009r
2023-12-05 14:52:45.413 [INFO] RetryStrategy - 提取码错误: 008z
2023-12-05 14:52:45.493 [INFO] RetryStrategy - 提取码错误: 009w
2023-12-05 14:52:45.543 [INFO] RetryStrategy - 提取码错误: 008y
2023-12-05 14:52:45.691 [INFO] RetryStrategy - 提取码错误: 009f
2023-12-05 14:52:45.693 [INFO] RetryStrategy - 提取码错误: 009h
2023-12-05 14:52:45.778 [INFO] RetryStrategy - 提取码错误: 009e
2023-12-05 14:52:45.793 [INFO] RetryStrategy - 提取码错误: 009d
2023-12-05 14:52:45.834 [INFO] RetryStrategy - 提取码错误: 008x
2023-12-05 14:52:45.849 [INFO] RetryStrategy - 提取码错误: 009c
2023-12-05 14:52:45.962 [INFO] RetryStrategy - 提取码错误: 009a
2023-12-05 14:52:46.025 [INFO] RetryStrategy - 提取码错误: 009g
2023-12-05 14:52:46.043 [INFO] RetryStrategy - 提取码错误: a062
2023-12-05 14:52:46.043 [INFO] RetryStrategy - 提取码错误: 009b
2023-12-05 14:52:46.061 [INFO] RetryStrategy - 提取码错误: 009y
2023-12-05 14:52:46.102 [INFO] RetryStrategy - 提取码错误: 009z
2023-12-05 14:52:46.127 [INFO] RetryStrategy - 提取码错误: 0105
2023-12-05 14:52:46.285 [INFO] RetryStrategy - 提取码错误: 0104
2023-12-05 14:52:46.346 [INFO] RetryStrategy - 提取码错误: 0101
2023-12-05 14:52:46.358 [INFO] RetryStrategy - 提取码错误: a04p
2023-12-05 14:52:46.370 [INFO] RetryStrategy - 提取码错误: a04i
2023-12-05 14:52:46.450 [INFO] RetryStrategy - 提取码错误: 0103
2023-12-05 14:52:46.479 [INFO] RetryStrategy - 提取码错误: 0102
2023-12-05 14:52:46.616 [INFO] RetryStrategy - 提取码错误: 0109
2023-12-05 14:52:46.634 [INFO] RetryStrategy - 提取码错误: 0100
2023-12-05 14:52:46.638 [INFO] RetryStrategy - 提取码错误: 0108
2023-12-05 14:52:46.675 [INFO] RetryStrategy - 提取码错误: 0107
2023-12-05 14:52:46.752 [INFO] RetryStrategy - 提取码错误: 0106
2023-12-05 14:52:46.909 [INFO] RetryStrategy - 提取码错误: a04j
2023-12-05 14:52:46.914 [INFO] RetryStrategy - 提取码错误: a04k
2023-12-05 14:52:46.926 [INFO] RetryStrategy - 提取码错误: 010c
2023-12-05 14:52:46.931 [INFO] RetryStrategy - 提取码错误: a04l
2023-12-05 14:52:47.017 [INFO] RetryStrategy - 提取码错误: 010d
2023-12-05 14:52:47.155 [INFO] RetryStrategy - 提取码错误: 010b
2023-12-05 14:52:47.170 [INFO] RetryStrategy - 提取码错误: 010e
2023-12-05 14:52:47.175 [INFO] RetryStrategy - 提取码错误: 010f
2023-12-05 14:52:47.189 [INFO] RetryStrategy - 提取码错误: 010a
2023-12-05 14:52:47.197 [INFO] RetryStrategy - 提取码错误: 0120
2023-12-05 14:52:47.247 [INFO] RetryStrategy - 提取码错误: 010m
2023-12-05 14:52:47.281 [INFO] RetryStrategy - 提取码错误: a04e
2023-12-05 14:52:47.425 [INFO] RetryStrategy - 提取码错误: a04f
2023-12-05 14:52:47.437 [INFO] RetryStrategy - 提取码错误: 010k
2023-12-05 14:52:47.440 [INFO] RetryStrategy - 提取码错误: 010n
2023-12-05 14:52:47.453 [INFO] RetryStrategy - 提取码错误: 010l
2023-12-05 14:52:47.504 [INFO] RetryStrategy - 提取码错误: a04g
2023-12-05 14:52:47.533 [INFO] RetryStrategy - 提取码错误: a05b
2023-12-05 14:52:47.535 [INFO] RetryStrategy - 提取码错误: a04h
2023-12-05 14:52:47.665 [INFO] RetryStrategy - 提取码错误: a05c
2023-12-05 14:52:47.730 [INFO] RetryStrategy - 提取码错误: 010i
2023-12-05 14:52:47.736 [INFO] RetryStrategy - 提取码错误: 010j
2023-12-05 14:52:47.774 [INFO] RetryStrategy - 提取码错误: 010g
2023-12-05 14:52:47.778 [INFO] RetryStrategy - 提取码错误: a05d
2023-12-05 14:52:47.799 [INFO] RetryStrategy - 提取码错误: 010h
2023-12-05 14:52:47.819 [INFO] RetryStrategy - 提取码错误: 0116
2023-12-05 14:52:47.973 [INFO] RetryStrategy - 提取码错误: a05e
2023-12-05 14:52:47.993 [INFO] RetryStrategy - 提取码错误: a04y
2023-12-05 14:52:47.999 [INFO] RetryStrategy - 提取码错误: a05a
2023-12-05 14:52:48.057 [INFO] RetryStrategy - 提取码错误: a04z
2023-12-05 14:52:48.059 [INFO] RetryStrategy - 提取码错误: 0117
2023-12-05 14:52:48.130 [INFO] RetryStrategy - 提取码错误: 0114
2023-12-05 14:52:48.254 [INFO] RetryStrategy - 提取码错误: 0115
2023-12-05 14:52:48.276 [INFO] RetryStrategy - 提取码错误: a04v
2023-12-05 14:52:48.277 [INFO] RetryStrategy - 提取码错误: a067
2023-12-05 14:52:48.383 [INFO] RetryStrategy - 提取码错误: a04w
2023-12-05 14:52:48.387 [INFO] RetryStrategy - 提取码错误: a068
2023-12-05 14:52:48.504 [INFO] RetryStrategy - 提取码错误: a04u
2023-12-05 14:52:48.507 [INFO] RetryStrategy - 提取码错误: 0112
2023-12-05 14:52:48.520 [INFO] RetryStrategy - 提取码错误: 0113
2023-12-05 14:52:48.528 [INFO] RetryStrategy - 提取码错误: 0110
2023-12-05 14:52:48.580 [INFO] RetryStrategy - 提取码错误: a069
2023-12-05 14:52:48.644 [INFO] RetryStrategy - 提取码错误: a052
2023-12-05 14:52:48.670 [INFO] RetryStrategy - 提取码错误: a04x
2023-12-05 14:52:48.771 [INFO] RetryStrategy - 提取码错误: a053
2023-12-05 14:52:48.785 [INFO] RetryStrategy - 提取码错误: a03q
2023-12-05 14:52:48.847 [INFO] RetryStrategy - 提取码错误: a054
2023-12-05 14:52:48.853 [INFO] RetryStrategy - 提取码错误: a03p
2023-12-05 14:52:48.895 [INFO] RetryStrategy - 提取码错误: 0118
2023-12-05 14:52:48.981 [INFO] RetryStrategy - 提取码错误: a03r
2023-12-05 14:52:49.055 [INFO] RetryStrategy - 提取码错误: a03s
2023-12-05 14:52:49.061 [INFO] RetryStrategy - 提取码错误: a055
2023-12-05 14:52:49.107 [INFO] RetryStrategy - 提取码错误: a03l
2023-12-05 14:52:49.133 [INFO] RetryStrategy - 提取码错误: 0119
2023-12-05 14:52:49.151 [INFO] RetryStrategy - 提取码错误: a03m
2023-12-05 14:52:49.267 [INFO] RetryStrategy - 提取码错误: 011f
2023-12-05 14:52:49.323 [INFO] RetryStrategy - 提取码错误: 0111
2023-12-05 14:52:49.327 [INFO] RetryStrategy - 提取码错误: 011d
2023-12-05 14:52:49.387 [INFO] RetryStrategy - 提取码错误: 011e
2023-12-05 14:52:49.426 [INFO] RetryStrategy - 提取码错误: 011c
2023-12-05 14:52:49.446 [INFO] RetryStrategy - 提取码错误: 011b
2023-12-05 14:52:49.558 [INFO] RetryStrategy - 提取码错误: 011a
2023-12-05 14:52:49.587 [INFO] RetryStrategy - 提取码错误: 011n
2023-12-05 14:52:49.609 [INFO] RetryStrategy - 提取码错误: 0130
2023-12-05 14:52:49.651 [INFO] RetryStrategy - 提取码错误: 0131
2023-12-05 14:52:49.705 [INFO] RetryStrategy - 提取码错误: a050
2023-12-05 14:52:49.708 [INFO] RetryStrategy - 提取码错误: 011o
2023-12-05 14:52:49.736 [INFO] RetryStrategy - 提取码错误: 011g
2023-12-05 14:52:49.866 [INFO] RetryStrategy - 提取码错误: 011j
2023-12-05 14:52:49.870 [INFO] RetryStrategy - 提取码错误: 011m
2023-12-05 14:52:49.905 [INFO] RetryStrategy - 提取码错误: 011k
2023-12-05 14:52:49.932 [INFO] RetryStrategy - 提取码错误: 011l
2023-12-05 14:52:49.968 [INFO] RetryStrategy - 提取码错误: 011h
2023-12-05 14:52:50.022 [INFO] RetryStrategy - 提取码错误: 010u
2023-12-05 14:52:50.123 [INFO] RetryStrategy - 提取码错误: 0127
2023-12-05 14:52:50.139 [INFO] RetryStrategy - 提取码错误: 010v
2023-12-05 14:52:50.163 [INFO] RetryStrategy - 提取码错误: 0128
2023-12-05 14:52:50.260 [INFO] RetryStrategy - 提取码错误: 010s
2023-12-05 14:52:50.261 [INFO] RetryStrategy - 提取码错误: 0125
2023-12-05 14:52:50.306 [INFO] RetryStrategy - 提取码错误: 010t
2023-12-05 14:52:50.414 [INFO] RetryStrategy - 提取码错误: 0126
2023-12-05 14:52:50.438 [INFO] RetryStrategy - 提取码错误: 011i
2023-12-05 14:52:50.484 [INFO] RetryStrategy - 提取码错误: 010q
2023-12-05 14:52:50.516 [INFO] RetryStrategy - 提取码错误: 010r
2023-12-05 14:52:50.528 [INFO] RetryStrategy - 提取码错误: 0124
2023-12-05 14:52:50.537 [INFO] RetryStrategy - 提取码错误: 0123
2023-12-05 14:52:50.579 [INFO] RetryStrategy - 提取码错误: 010o
2023-12-05 14:52:50.736 [INFO] RetryStrategy - 提取码错误: a03n
2023-12-05 14:52:50.744 [INFO] RetryStrategy - 提取码错误: 0121
2023-12-05 14:52:50.797 [INFO] RetryStrategy - 提取码错误: a051
2023-12-05 14:52:50.817 [INFO] RetryStrategy - 提取码错误: 010y
2023-12-05 14:52:50.818 [INFO] RetryStrategy - 提取码错误: 0122
2023-12-05 14:52:50.865 [INFO] RetryStrategy - 提取码错误: 010z
2023-12-05 14:52:50.887 [INFO] RetryStrategy - 提取码错误: 010p
2023-12-05 14:52:50.993 [INFO] RetryStrategy - 提取码错误: 010w
2023-12-05 14:52:51.028 [INFO] RetryStrategy - 提取码错误: 0129
2023-12-05 14:52:51.146 [INFO] RetryStrategy - 提取码错误: 012h
2023-12-05 14:52:51.198 [INFO] RetryStrategy - 提取码错误: 012g
2023-12-05 14:52:51.262 [INFO] RetryStrategy - 提取码错误: 012e
2023-12-05 14:52:51.267 [INFO] RetryStrategy - 提取码错误: 012f
2023-12-05 14:52:51.297 [INFO] RetryStrategy - 提取码错误: 012c
2023-12-05 14:52:51.441 [INFO] RetryStrategy - 提取码错误: 012a
2023-12-05 14:52:51.460 [INFO] RetryStrategy - 提取码错误: a03o
2023-12-05 14:52:51.525 [INFO] RetryStrategy - 提取码错误: 012b
2023-12-05 14:52:51.551 [INFO] RetryStrategy - 提取码错误: a03h
2023-12-05 14:52:51.567 [INFO] RetryStrategy - 提取码错误: 0141
2023-12-05 14:52:51.583 [INFO] RetryStrategy - 提取码错误: 010x
2023-12-05 14:52:51.713 [INFO] RetryStrategy - 提取码错误: 0142
2023-12-05 14:52:51.750 [INFO] RetryStrategy - 提取码错误: 012o
2023-12-05 14:52:51.797 [INFO] RetryStrategy - 提取码错误: a03i
2023-12-05 14:52:51.828 [INFO] RetryStrategy - 提取码错误: 012p
2023-12-05 14:52:51.861 [INFO] RetryStrategy - 提取码错误: 0140
2023-12-05 14:52:51.891 [INFO] RetryStrategy - 提取码错误: 012d
2023-12-05 14:52:52.009 [INFO] RetryStrategy - 提取码错误: a03k
2023-12-05 14:52:52.043 [INFO] RetryStrategy - 提取码错误: 012n
2023-12-05 14:52:52.084 [INFO] RetryStrategy - 提取码错误: 012k
2023-12-05 14:52:52.146 [INFO] RetryStrategy - 提取码错误: 012l
2023-12-05 14:52:52.161 [INFO] RetryStrategy - 提取码错误: a03d
2023-12-05 14:52:52.275 [INFO] RetryStrategy - 提取码错误: a03e
2023-12-05 14:52:52.276 [INFO] RetryStrategy - 提取码错误: 012m
2023-12-05 14:52:52.359 [INFO] RetryStrategy - 提取码错误: 012j
2023-12-05 14:52:52.372 [INFO] RetryStrategy - 提取码错误: 012i
2023-12-05 14:52:52.412 [INFO] RetryStrategy - 提取码错误: a03j
2023-12-05 14:52:52.416 [INFO] RetryStrategy - 提取码错误: 0138
2023-12-05 14:52:52.445 [INFO] RetryStrategy - 提取码错误: 011v
2023-12-05 14:52:52.548 [INFO] RetryStrategy - 提取码错误: 0139
2023-12-05 14:52:52.562 [INFO] RetryStrategy - 提取码错误: a03f
2023-12-05 14:52:52.664 [INFO] RetryStrategy - 提取码错误: 0136
2023-12-05 14:52:52.667 [INFO] RetryStrategy - 提取码错误: 011w
2023-12-05 14:52:52.724 [INFO] RetryStrategy - 提取码错误: a04a
2023-12-05 14:52:52.724 [INFO] RetryStrategy - 提取码错误: 011t
2023-12-05 14:52:52.806 [INFO] RetryStrategy - 提取码错误: 0137
2023-12-05 14:52:52.913 [INFO] RetryStrategy - 提取码错误: 011u
2023-12-05 14:52:52.913 [INFO] RetryStrategy - 提取码错误: 011r
2023-12-05 14:52:52.921 [INFO] RetryStrategy - 提取码错误: 0134
2023-12-05 14:52:53.016 [INFO] RetryStrategy - 提取码错误: 011s
2023-12-05 14:52:53.016 [INFO] RetryStrategy - 提取码错误: 0135
2023-12-05 14:52:53.083 [INFO] RetryStrategy - 提取码错误: 0132
2023-12-05 14:52:53.113 [INFO] RetryStrategy - 提取码错误: a03g
2023-12-05 14:52:53.191 [INFO] RetryStrategy - 提取码错误: 011q
2023-12-05 14:52:53.227 [INFO] RetryStrategy - 提取码错误: 0133
2023-12-05 14:52:53.266 [INFO] RetryStrategy - 提取码错误: 011p
2023-12-05 14:52:53.286 [INFO] RetryStrategy - 提取码错误: 011x
2023-12-05 14:52:53.327 [INFO] RetryStrategy - 提取码错误: 011z
2023-12-05 14:52:53.442 [INFO] RetryStrategy - 提取码错误: 011y
2023-12-05 14:52:53.529 [INFO] RetryStrategy - 提取码错误: 013f
2023-12-05 14:52:53.534 [INFO] RetryStrategy - 提取码错误: 013g
2023-12-05 14:52:53.592 [INFO] RetryStrategy - 提取码错误: 013d
2023-12-05 14:52:53.788 [INFO] RetryStrategy - 提取码错误: 013b
2023-12-05 14:52:53.803 [INFO] RetryStrategy - 提取码错误: a04c
2023-12-05 14:52:53.850 [INFO] RetryStrategy - 提取码错误: 013h
2023-12-05 14:52:53.868 [INFO] RetryStrategy - 提取码错误: a04d
2023-12-05 14:52:53.900 [INFO] RetryStrategy - 提取码错误: 013i
2023-12-05 14:52:54.033 [INFO] RetryStrategy - 提取码错误: 013e
2023-12-05 14:52:54.051 [INFO] RetryStrategy - 提取码错误: 0152
2023-12-05 14:52:54.061 [INFO] RetryStrategy - 提取码错误: 013c
2023-12-05 14:52:54.164 [INFO] RetryStrategy - 提取码错误: 013p
2023-12-05 14:52:54.212 [INFO] RetryStrategy - 提取码错误: 013q
2023-12-05 14:52:54.215 [INFO] RetryStrategy - 提取码错误: a04b
2023-12-05 14:52:54.229 [INFO] RetryStrategy - 提取码错误: 0153
2023-12-05 14:52:54.332 [INFO] RetryStrategy - 提取码错误: a03x
2023-12-05 14:52:54.340 [INFO] RetryStrategy - 提取码错误: 013n
2023-12-05 14:52:54.434 [INFO] RetryStrategy - 提取码错误: 0151
2023-12-05 14:52:54.501 [INFO] RetryStrategy - 提取码错误: 013o
2023-12-05 14:52:54.541 [INFO] RetryStrategy - 提取码错误: a03z
2023-12-05 14:52:54.599 [INFO] RetryStrategy - 提取码错误: 013l
2023-12-05 14:52:54.654 [INFO] RetryStrategy - 提取码错误: a03t
2023-12-05 14:52:54.728 [INFO] RetryStrategy - 提取码错误: a056
2023-12-05 14:52:54.763 [INFO] RetryStrategy - 提取码错误: a03u
2023-12-05 14:52:54.770 [INFO] RetryStrategy - 提取码错误: 0150
2023-12-05 14:52:54.848 [INFO] RetryStrategy - 提取码错误: a057
2023-12-05 14:52:54.886 [INFO] RetryStrategy - 提取码错误: 013m
2023-12-05 14:52:54.947 [INFO] RetryStrategy - 提取码错误: 013j
2023-12-05 14:52:54.982 [INFO] RetryStrategy - 提取码错误: a03y
2023-12-05 14:52:54.995 [INFO] RetryStrategy - 提取码错误: a03v
2023-12-05 14:52:55.020 [INFO] RetryStrategy - 提取码错误: 013k
2023-12-05 14:52:55.064 [INFO] RetryStrategy - 提取码错误: 0149
2023-12-05 14:52:55.109 [INFO] RetryStrategy - 提取码错误: 012w
2023-12-05 14:52:55.161 [INFO] RetryStrategy - 提取码错误: 012x
2023-12-05 14:52:55.207 [INFO] RetryStrategy - 提取码错误: 0147
2023-12-05 14:52:55.278 [INFO] RetryStrategy - 提取码错误: 0148
2023-12-05 14:52:55.414 [INFO] RetryStrategy - 提取码错误: 0145
2023-12-05 14:52:55.501 [INFO] RetryStrategy - 提取码错误: a03w
2023-12-05 14:52:55.514 [INFO] RetryStrategy - 提取码错误: a058
2023-12-05 14:52:55.673 [INFO] RetryStrategy - 提取码错误: 012s
2023-12-05 14:52:55.695 [INFO] RetryStrategy - 提取码错误: 012t
2023-12-05 14:52:55.702 [INFO] RetryStrategy - 提取码错误: 0146
2023-12-05 14:52:55.742 [INFO] RetryStrategy - 提取码错误: 012v
2023-12-05 14:52:55.753 [INFO] RetryStrategy - 提取码错误: 0143
2023-12-05 14:52:55.772 [INFO] RetryStrategy - 提取码错误: 012q
2023-12-05 14:52:55.886 [INFO] RetryStrategy - 提取码错误: 012u
2023-12-05 14:52:55.942 [INFO] RetryStrategy - 提取码错误: 012r
2023-12-05 14:52:55.944 [INFO] RetryStrategy - 提取码错误: 0144
2023-12-05 14:52:55.994 [INFO] RetryStrategy - 提取码错误: 013a
2023-12-05 14:52:56.016 [INFO] RetryStrategy - 提取码错误: 014i
2023-12-05 14:52:56.068 [INFO] RetryStrategy - 提取码错误: 012z
2023-12-05 14:52:56.136 [INFO] RetryStrategy - 提取码错误: 014j
2023-12-05 14:52:56.247 [INFO] RetryStrategy - 提取码错误: 014h
2023-12-05 14:52:56.274 [INFO] RetryStrategy - 提取码错误: 014f
2023-12-05 14:52:56.285 [INFO] RetryStrategy - 提取码错误: 014e
2023-12-05 14:52:56.326 [INFO] RetryStrategy - 提取码错误: 014g
2023-12-05 14:52:56.345 [INFO] RetryStrategy - 提取码错误: 014c
2023-12-05 14:52:56.410 [INFO] RetryStrategy - 提取码错误: 014d
2023-12-05 14:52:56.494 [INFO] RetryStrategy - 提取码错误: 0163
2023-12-05 14:52:56.573 [INFO] RetryStrategy - 提取码错误: 014q
2023-12-05 14:52:56.576 [INFO] RetryStrategy - 提取码错误: a059
2023-12-05 14:52:56.609 [INFO] RetryStrategy - 提取码错误: a06s
2023-12-05 14:52:56.617 [INFO] RetryStrategy - 提取码错误: a085
2023-12-05 14:52:56.776 [INFO] RetryStrategy - 提取码错误: 0164
2023-12-05 14:52:56.843 [INFO] RetryStrategy - 提取码错误: a06t
2023-12-05 14:52:56.854 [INFO] RetryStrategy - 提取码错误: a087
2023-12-05 14:52:56.874 [INFO] RetryStrategy - 提取码错误: 014r
2023-12-05 14:52:56.896 [INFO] RetryStrategy - 提取码错误: 0161
2023-12-05 14:52:57.042 [INFO] RetryStrategy - 提取码错误: 014o
2023-12-05 14:52:57.134 [INFO] RetryStrategy - 提取码错误: a086
2023-12-05 14:52:57.165 [INFO] RetryStrategy - 提取码错误: 014m
2023-12-05 14:52:57.168 [INFO] RetryStrategy - 提取码错误: 014p
2023-12-05 14:52:57.168 [INFO] RetryStrategy - 提取码错误: a06u
2023-12-05 14:52:57.310 [INFO] RetryStrategy - 提取码错误: 012y
2023-12-05 14:52:57.332 [INFO] RetryStrategy - 提取码错误: 0160
2023-12-05 14:52:57.412 [INFO] RetryStrategy - 提取码错误: 014k
2023-12-05 14:52:57.420 [INFO] RetryStrategy - 提取码错误: a06v
2023-12-05 14:52:57.432 [INFO] RetryStrategy - 提取码错误: 014l
2023-12-05 14:52:57.443 [INFO] RetryStrategy - 提取码错误: 014n
2023-12-05 14:52:57.576 [INFO] RetryStrategy - 提取码错误: 0162
2023-12-05 14:52:57.582 [INFO] RetryStrategy - 提取码错误: 013x
2023-12-05 14:52:57.631 [INFO] RetryStrategy - 提取码错误: 013y
2023-12-05 14:52:57.661 [INFO] RetryStrategy - 提取码错误: 0158
2023-12-05 14:52:57.710 [INFO] RetryStrategy - 提取码错误: 013w
2023-12-05 14:52:57.844 [INFO] RetryStrategy - 提取码错误: 013t
2023-12-05 14:52:57.852 [INFO] RetryStrategy - 提取码错误: 0156
2023-12-05 14:52:57.885 [INFO] RetryStrategy - 提取码错误: 0157
2023-12-05 14:52:57.926 [INFO] RetryStrategy - 提取码错误: 013u
2023-12-05 14:52:57.949 [INFO] RetryStrategy - 提取码错误: 0159
2023-12-05 14:52:57.980 [INFO] RetryStrategy - 提取码错误: 0154
2023-12-05 14:52:58.107 [INFO] RetryStrategy - 提取码错误: 013v
2023-12-05 14:52:58.165 [INFO] RetryStrategy - 提取码错误: 013s
2023-12-05 14:52:58.205 [INFO] RetryStrategy - 提取码错误: 014a
2023-12-05 14:52:58.215 [INFO] RetryStrategy - 提取码错误: 014b
2023-12-05 14:52:58.261 [INFO] RetryStrategy - 提取码错误: 013z
2023-12-05 14:52:58.360 [INFO] RetryStrategy - 提取码错误: a088
2023-12-05 14:52:58.475 [INFO] RetryStrategy - 提取码错误: 015k
2023-12-05 14:52:58.485 [INFO] RetryStrategy - 提取码错误: 015j
2023-12-05 14:52:58.514 [INFO] RetryStrategy - 提取码错误: a081
2023-12-05 14:52:58.540 [INFO] RetryStrategy - 提取码错误: 0155
2023-12-05 14:52:58.555 [INFO] RetryStrategy - 提取码错误: 013r
2023-12-05 14:52:58.653 [INFO] RetryStrategy - 提取码错误: 015i
2023-12-05 14:52:58.731 [INFO] RetryStrategy - 提取码错误: 015f
2023-12-05 14:52:58.761 [INFO] RetryStrategy - 提取码错误: 015g
2023-12-05 14:52:58.786 [INFO] RetryStrategy - 提取码错误: 015d
2023-12-05 14:52:58.822 [INFO] RetryStrategy - 提取码错误: 015e
2023-12-05 14:52:58.873 [INFO] RetryStrategy - 提取码错误: a06o
2023-12-05 14:52:58.916 [INFO] RetryStrategy - 提取码错误: 0174
2023-12-05 14:52:58.993 [INFO] RetryStrategy - 提取码错误: 015h
2023-12-05 14:52:59.035 [INFO] RetryStrategy - 提取码错误: 015r
2023-12-05 14:52:59.081 [INFO] RetryStrategy - 提取码错误: 0175
2023-12-05 14:52:59.098 [INFO] RetryStrategy - 提取码错误: 015s
2023-12-05 14:52:59.125 [INFO] RetryStrategy - 提取码错误: a06p
2023-12-05 14:52:59.191 [INFO] RetryStrategy - 提取码错误: 0172
2023-12-05 14:52:59.250 [INFO] RetryStrategy - 提取码错误: 015p
2023-12-05 14:52:59.329 [INFO] RetryStrategy - 提取码错误: 015q
2023-12-05 14:52:59.369 [INFO] RetryStrategy - 提取码错误: 0173
2023-12-05 14:52:59.415 [INFO] RetryStrategy - 提取码错误: 0170
2023-12-05 14:52:59.481 [INFO] RetryStrategy - 提取码错误: 015n
2023-12-05 14:52:59.497 [INFO] RetryStrategy - 提取码错误: 0171
2023-12-05 14:52:59.519 [INFO] RetryStrategy - 提取码错误: 015o
2023-12-05 14:52:59.565 [INFO] RetryStrategy - 提取码错误: a082
2023-12-05 14:52:59.616 [INFO] RetryStrategy - 提取码错误: 015m
2023-12-05 14:52:59.746 [INFO] RetryStrategy - 提取码错误: 015l
2023-12-05 14:52:59.748 [INFO] RetryStrategy - 提取码错误: a06q
2023-12-05 14:52:59.787 [INFO] RetryStrategy - 提取码错误: 014z
2023-12-05 14:52:59.836 [INFO] RetryStrategy - 提取码错误: 0169
2023-12-05 14:52:59.863 [INFO] RetryStrategy - 提取码错误: a084
2023-12-05 14:53:00.035 [INFO] RetryStrategy - 提取码错误: 0167
2023-12-05 14:53:00.067 [INFO] RetryStrategy - 提取码错误: 014w
2023-12-05 14:53:00.093 [INFO] RetryStrategy - 提取码错误: 014x
2023-12-05 14:53:00.103 [INFO] RetryStrategy - 提取码错误: 014u
2023-12-05 14:53:00.138 [INFO] RetryStrategy - 提取码错误: 0168
2023-12-05 14:53:00.140 [INFO] RetryStrategy - 提取码错误: a083
2023-12-05 14:53:00.166 [INFO] RetryStrategy - 提取码错误: 014y
2023-12-05 14:53:00.292 [INFO] RetryStrategy - 提取码错误: 014v
2023-12-05 14:53:00.371 [INFO] RetryStrategy - 提取码错误: 014s
2023-12-05 14:53:00.394 [INFO] RetryStrategy - 提取码错误: 0166
2023-12-05 14:53:00.416 [INFO] RetryStrategy - 提取码错误: 014t
2023-12-05 14:53:00.533 [INFO] RetryStrategy - 提取码错误: a06r
2023-12-05 14:53:00.601 [INFO] RetryStrategy - 提取码错误: 015b
2023-12-05 14:53:00.655 [INFO] RetryStrategy - 提取码错误: 015c
2023-12-05 14:53:00.673 [INFO] RetryStrategy - 提取码错误: 015a
2023-12-05 14:53:00.782 [INFO] RetryStrategy - 提取码错误: 016l
2023-12-05 14:53:00.817 [INFO] RetryStrategy - 提取码错误: 0165
2023-12-05 14:53:00.871 [INFO] RetryStrategy - 提取码错误: 016i
2023-12-05 14:53:00.965 [INFO] RetryStrategy - 提取码错误: 016g
2023-12-05 14:53:00.997 [INFO] RetryStrategy - 提取码错误: 016j
2023-12-05 14:53:01.040 [INFO] RetryStrategy - 提取码错误: 016h
2023-12-05 14:53:01.109 [INFO] RetryStrategy - 提取码错误: 016k
2023-12-05 14:53:01.168 [INFO] RetryStrategy - 提取码错误: 016f
2023-12-05 14:53:01.260 [INFO] RetryStrategy - 提取码错误: 0185
2023-12-05 14:53:01.293 [INFO] RetryStrategy - 提取码错误: 016s
2023-12-05 14:53:01.339 [INFO] RetryStrategy - 提取码错误: 0186
2023-12-05 14:53:01.414 [INFO] RetryStrategy - 提取码错误: 016t
2023-12-05 14:53:01.523 [INFO] RetryStrategy - 提取码错误: 016q
2023-12-05 14:53:01.561 [INFO] RetryStrategy - 提取码错误: 0184
2023-12-05 14:53:01.681 [INFO] RetryStrategy - 提取码错误: 0181
2023-12-05 14:53:01.699 [INFO] RetryStrategy - 提取码错误: 016r
2023-12-05 14:53:01.723 [INFO] RetryStrategy - 提取码错误: a06k
2023-12-05 14:53:01.817 [INFO] RetryStrategy - 提取码错误: 016o
2023-12-05 14:53:01.844 [INFO] RetryStrategy - 提取码错误: 0182
2023-12-05 14:53:01.892 [INFO] RetryStrategy - 提取码错误: 0183
2023-12-05 14:53:01.941 [INFO] RetryStrategy - 提取码错误: 016m
2023-12-05 14:53:02.000 [INFO] RetryStrategy - 提取码错误: a06l
2023-12-05 14:53:02.024 [INFO] RetryStrategy - 提取码错误: 016p
2023-12-05 14:53:02.074 [INFO] RetryStrategy - 提取码错误: a06m
2023-12-05 14:53:02.116 [INFO] RetryStrategy - 提取码错误: a080
2023-12-05 14:53:02.180 [INFO] RetryStrategy - 提取码错误: 0180
2023-12-05 14:53:02.233 [INFO] RetryStrategy - 提取码错误: 016n
2023-12-05 14:53:02.343 [INFO] RetryStrategy - 提取码错误: 015y
2023-12-05 14:53:02.370 [INFO] RetryStrategy - 提取码错误: 0178
2023-12-05 14:53:02.378 [INFO] RetryStrategy - 提取码错误: 016e
2023-12-05 14:53:02.382 [INFO] RetryStrategy - 提取码错误: 015x
2023-12-05 14:53:02.436 [INFO] RetryStrategy - 提取码错误: 015v
2023-12-05 14:53:02.522 [INFO] RetryStrategy - 提取码错误: 0179
2023-12-05 14:53:02.607 [INFO] RetryStrategy - 提取码错误: a06n
2023-12-05 14:53:02.642 [INFO] RetryStrategy - 提取码错误: a06i
2023-12-05 14:53:02.667 [INFO] RetryStrategy - 提取码错误: a06g
2023-12-05 14:53:02.726 [INFO] RetryStrategy - 提取码错误: 015z
2023-12-05 14:53:02.727 [INFO] RetryStrategy - 提取码错误: 015w
2023-12-05 14:53:02.765 [INFO] RetryStrategy - 提取码错误: a06h
2023-12-05 14:53:02.870 [INFO] RetryStrategy - 提取码错误: 015t
2023-12-05 14:53:02.888 [INFO] RetryStrategy - 提取码错误: 0176
2023-12-05 14:53:02.969 [INFO] RetryStrategy - 提取码错误: 015u
2023-12-05 14:53:02.976 [INFO] RetryStrategy - 提取码错误: 0177
2023-12-05 14:53:03.001 [INFO] RetryStrategy - 提取码错误: 016d
2023-12-05 14:53:03.033 [INFO] RetryStrategy - 提取码错误: 016a
2023-12-05 14:53:03.074 [INFO] RetryStrategy - 提取码错误: 016c
2023-12-05 14:53:03.140 [INFO] RetryStrategy - 提取码错误: 016b
2023-12-05 14:53:03.148 [INFO] RetryStrategy - 提取码错误: 017l
2023-12-05 14:53:03.256 [INFO] RetryStrategy - 提取码错误: 017j
2023-12-05 14:53:03.300 [INFO] RetryStrategy - 提取码错误: 017h
2023-12-05 14:53:03.308 [INFO] RetryStrategy - 提取码错误: 017k
2023-12-05 14:53:03.311 [INFO] RetryStrategy - 提取码错误: 017m
2023-12-05 14:53:03.356 [INFO] RetryStrategy - 提取码错误: 017i
2023-12-05 14:53:03.406 [INFO] RetryStrategy - 提取码错误: 017g
2023-12-05 14:53:03.418 [INFO] RetryStrategy - 提取码错误: 017f
2023-12-05 14:53:03.509 [INFO] RetryStrategy - 提取码错误: 0196
2023-12-05 14:53:03.559 [INFO] RetryStrategy - 提取码错误: 017t
2023-12-05 14:53:03.566 [INFO] RetryStrategy - 提取码错误: 0197
2023-12-05 14:53:03.573 [INFO] RetryStrategy - 提取码错误: a06j
2023-12-05 14:53:03.635 [INFO] RetryStrategy - 提取码错误: 017u
2023-12-05 14:53:03.674 [INFO] RetryStrategy - 提取码错误: 0194
2023-12-05 14:53:03.709 [INFO] RetryStrategy - 提取码错误: 017r
2023-12-05 14:53:03.847 [INFO] RetryStrategy - 提取码错误: 017s
2023-12-05 14:53:03.887 [INFO] RetryStrategy - 提取码错误: 017p
2023-12-05 14:53:03.915 [INFO] RetryStrategy - 提取码错误: 0193
2023-12-05 14:53:03.949 [INFO] RetryStrategy - 提取码错误: 017q
2023-12-05 14:53:04.008 [INFO] RetryStrategy - 提取码错误: 0190
2023-12-05 14:53:04.132 [INFO] RetryStrategy - 提取码错误: 017n
2023-12-05 14:53:04.179 [INFO] RetryStrategy - 提取码错误: 017o
2023-12-05 14:53:04.189 [INFO] RetryStrategy - 提取码错误: 0191
2023-12-05 14:53:04.201 [INFO] RetryStrategy - 提取码错误: 0195
2023-12-05 14:53:04.240 [INFO] RetryStrategy - 提取码错误: 016y
2023-12-05 14:53:04.270 [INFO] RetryStrategy - 提取码错误: 016z
2023-12-05 14:53:04.294 [INFO] RetryStrategy - 提取码错误: 0192
2023-12-05 14:53:04.400 [INFO] RetryStrategy - 提取码错误: 0189
2023-12-05 14:53:04.474 [INFO] RetryStrategy - 提取码错误: a07d
2023-12-05 14:53:04.476 [INFO] RetryStrategy - 提取码错误: a07f
2023-12-05 14:53:04.486 [INFO] RetryStrategy - 提取码错误: a07e
2023-12-05 14:53:04.537 [INFO] RetryStrategy - 提取码错误: 016w
2023-12-05 14:53:04.540 [INFO] RetryStrategy - 提取码错误: 0187
2023-12-05 14:53:04.542 [INFO] RetryStrategy - 提取码错误: 016x
2023-12-05 14:53:04.716 [INFO] RetryStrategy - 提取码错误: 016u
2023-12-05 14:53:04.740 [INFO] RetryStrategy - 提取码错误: 0188
2023-12-05 14:53:04.773 [INFO] RetryStrategy - 提取码错误: 017d
2023-12-05 14:53:04.801 [INFO] RetryStrategy - 提取码错误: 017e
2023-12-05 14:53:04.810 [INFO] RetryStrategy - 提取码错误: 017b
2023-12-05 14:53:05.012 [INFO] RetryStrategy - 提取码错误: 018m
2023-12-05 14:53:05.016 [INFO] RetryStrategy - 提取码错误: 017a
2023-12-05 14:53:05.053 [INFO] RetryStrategy - 提取码错误: 018n
2023-12-05 14:53:05.066 [INFO] RetryStrategy - 提取码错误: 018k
2023-12-05 14:53:05.074 [INFO] RetryStrategy - 提取码错误: a07g
2023-12-05 14:53:05.150 [INFO] RetryStrategy - 提取码错误: 016v
2023-12-05 14:53:05.298 [INFO] RetryStrategy - 提取码错误: 018l
2023-12-05 14:53:05.301 [INFO] RetryStrategy - 提取码错误: 018i
2023-12-05 14:53:05.306 [INFO] RetryStrategy - 提取码错误: 018j
2023-12-05 14:53:05.346 [INFO] RetryStrategy - 提取码错误: a07a
2023-12-05 14:53:05.359 [INFO] RetryStrategy - 提取码错误: 018g
2023-12-05 14:53:05.408 [INFO] RetryStrategy - 提取码错误: 018h
2023-12-05 14:53:05.577 [INFO] RetryStrategy - 提取码错误: 018v
2023-12-05 14:53:05.580 [INFO] RetryStrategy - 提取码错误: 018s
2023-12-05 14:53:05.588 [INFO] RetryStrategy - 提取码错误: 018u
2023-12-05 14:53:05.625 [INFO] RetryStrategy - 提取码错误: 018q
2023-12-05 14:53:05.641 [INFO] RetryStrategy - 提取码错误: 017c
2023-12-05 14:53:05.683 [INFO] RetryStrategy - 提取码错误: 018r
2023-12-05 14:53:05.728 [INFO] RetryStrategy - 提取码错误: 018t
2023-12-05 14:53:05.849 [INFO] RetryStrategy - 提取码错误: 018p
2023-12-05 14:53:05.877 [INFO] RetryStrategy - 提取码错误: 018o
2023-12-05 14:53:05.893 [INFO] RetryStrategy - 提取码错误: 017z
2023-12-05 14:53:05.932 [INFO] RetryStrategy - 提取码错误: 017y
2023-12-05 14:53:05.954 [INFO] RetryStrategy - 提取码错误: 017x
2023-12-05 14:53:05.995 [INFO] RetryStrategy - 提取码错误: 0198
2023-12-05 14:53:06.001 [INFO] RetryStrategy - 提取码错误: 017v
2023-12-05 14:53:06.130 [INFO] RetryStrategy - 提取码错误: 0199
2023-12-05 14:53:06.137 [INFO] RetryStrategy - 提取码错误: 017w
2023-12-05 14:53:06.238 [INFO] RetryStrategy - 提取码错误: 018c
2023-12-05 14:53:06.258 [INFO] RetryStrategy - 提取码错误: 018d
2023-12-05 14:53:06.265 [INFO] RetryStrategy - 提取码错误: 018a
2023-12-05 14:53:06.430 [INFO] RetryStrategy - 提取码错误: 018b
2023-12-05 14:53:06.511 [INFO] RetryStrategy - 提取码错误: 019o
2023-12-05 14:53:06.521 [INFO] RetryStrategy - 提取码错误: 019l
2023-12-05 14:53:06.545 [INFO] RetryStrategy - 提取码错误: 019m
2023-12-05 14:53:06.574 [INFO] RetryStrategy - 提取码错误: 018e
2023-12-05 14:53:06.652 [INFO] RetryStrategy - 提取码错误: 018f
2023-12-05 14:53:06.668 [INFO] RetryStrategy - 提取码错误: 019n
2023-12-05 14:53:06.739 [INFO] RetryStrategy - 提取码错误: a07b
2023-12-05 14:53:06.938 [INFO] RetryStrategy - 提取码错误: a06w
2023-12-05 14:53:06.938 [INFO] RetryStrategy - 提取码错误: a089
2023-12-05 14:53:06.944 [INFO] RetryStrategy - 提取码错误: a07c
2023-12-05 14:53:06.960 [INFO] RetryStrategy - 提取码错误: a06z
2023-12-05 14:53:06.964 [INFO] RetryStrategy - 提取码错误: a06y
2023-12-05 14:53:07.011 [INFO] RetryStrategy - 提取码错误: a074
2023-12-05 14:53:07.229 [INFO] RetryStrategy - 提取码错误: a05r
2023-12-05 14:53:07.236 [INFO] RetryStrategy - 提取码错误: 019h
2023-12-05 14:53:07.244 [INFO] RetryStrategy - 提取码错误: 019k
2023-12-05 14:53:07.245 [INFO] RetryStrategy - 提取码错误: 019j
2023-12-05 14:53:07.296 [INFO] RetryStrategy - 提取码错误: 019i
2023-12-05 14:53:07.301 [INFO] RetryStrategy - 提取码错误: a06x
2023-12-05 14:53:07.507 [INFO] RetryStrategy - 提取码错误: 019w
2023-12-05 14:53:07.509 [INFO] RetryStrategy - 提取码错误: 019u
2023-12-05 14:53:07.520 [INFO] RetryStrategy - 提取码错误: 019v
2023-12-05 14:53:07.531 [INFO] RetryStrategy - 提取码错误: 019t
2023-12-05 14:53:07.563 [INFO] RetryStrategy - 提取码错误: 019r
2023-12-05 14:53:07.597 [INFO] RetryStrategy - 提取码错误: 019s
2023-12-05 14:53:07.665 [INFO] RetryStrategy - 提取码错误: a075
2023-12-05 14:53:07.802 [INFO] RetryStrategy - 提取码错误: 018y
2023-12-05 14:53:07.809 [INFO] RetryStrategy - 提取码错误: 019p
2023-12-05 14:53:07.812 [INFO] RetryStrategy - 提取码错误: a05s
2023-12-05 14:53:07.818 [INFO] RetryStrategy - 提取码错误: 019q
2023-12-05 14:53:07.841 [INFO] RetryStrategy - 提取码错误: 018z
2023-12-05 14:53:07.897 [INFO] RetryStrategy - 提取码错误: a076
2023-12-05 14:53:07.928 [INFO] RetryStrategy - 提取码错误: 018w
2023-12-05 14:53:08.065 [INFO] RetryStrategy - 提取码错误: a05t
2023-12-05 14:53:08.067 [INFO] RetryStrategy - 提取码错误: a05u
2023-12-05 14:53:08.094 [INFO] RetryStrategy - 提取码错误: 019f
2023-12-05 14:53:08.096 [INFO] RetryStrategy - 提取码错误: a077
2023-12-05 14:53:08.131 [INFO] RetryStrategy - 提取码错误: 018x
2023-12-05 14:53:08.168 [INFO] RetryStrategy - 提取码错误: 019g
2023-12-05 14:53:08.235 [INFO] RetryStrategy - 提取码错误: 019d
2023-12-05 14:53:08.327 [INFO] RetryStrategy - 提取码错误: a05n
2023-12-05 14:53:08.329 [INFO] RetryStrategy - 提取码错误: a070
2023-12-05 14:53:08.350 [INFO] RetryStrategy - 提取码错误: 019b
2023-12-05 14:53:08.398 [INFO] RetryStrategy - 提取码错误: 019e
2023-12-05 14:53:08.400 [INFO] RetryStrategy - 提取码错误: 019c
2023-12-05 14:53:08.461 [INFO] RetryStrategy - 提取码错误: 019a
2023-12-05 14:53:08.603 [INFO] RetryStrategy - 提取码错误: 019y
2023-12-05 14:53:08.607 [INFO] RetryStrategy - 提取码错误: 019x
2023-12-05 14:53:08.658 [INFO] RetryStrategy - 提取码错误: 00a8
2023-12-05 14:53:08.665 [INFO] RetryStrategy - 提取码错误: 00a5
2023-12-05 14:53:08.688 [INFO] RetryStrategy - 提取码错误: 00a7
2023-12-05 14:53:08.740 [INFO] RetryStrategy - 提取码错误: 00a6
2023-12-05 14:53:08.863 [INFO] RetryStrategy - 提取码错误: 00a4
2023-12-05 14:53:08.907 [INFO] RetryStrategy - 提取码错误: 00a3
2023-12-05 14:53:08.918 [INFO] RetryStrategy - 提取码错误: 00a1
2023-12-05 14:53:08.941 [INFO] RetryStrategy - 提取码错误: 00a9
2023-12-05 14:53:08.943 [INFO] RetryStrategy - 提取码错误: 019z
2023-12-05 14:53:08.966 [INFO] RetryStrategy - 提取码错误: 00a2
2023-12-05 14:53:09.032 [INFO] RetryStrategy - 提取码错误: 00a0
2023-12-05 14:53:09.173 [INFO] RetryStrategy - 提取码错误: 00b6
2023-12-05 14:53:09.188 [INFO] RetryStrategy - 提取码错误: 00b9
2023-12-05 14:53:09.260 [INFO] RetryStrategy - 提取码错误: a071
2023-12-05 14:53:09.280 [INFO] RetryStrategy - 提取码错误: 00b4
2023-12-05 14:53:09.295 [INFO] RetryStrategy - 提取码错误: 00b5
2023-12-05 14:53:09.312 [INFO] RetryStrategy - 提取码错误: 00b8
2023-12-05 14:53:09.317 [INFO] RetryStrategy - 提取码错误: 00b7
2023-12-05 14:53:09.438 [INFO] RetryStrategy - 提取码错误: a05o
2023-12-05 14:53:09.446 [INFO] RetryStrategy - 提取码错误: a072
2023-12-05 14:53:09.560 [INFO] RetryStrategy - 提取码错误: 00b2
2023-12-05 14:53:09.569 [INFO] RetryStrategy - 提取码错误: a05p
2023-12-05 14:53:09.663 [INFO] RetryStrategy - 提取码错误: 00b0
2023-12-05 14:53:09.698 [INFO] RetryStrategy - 提取码错误: 00b1
2023-12-05 14:53:09.716 [INFO] RetryStrategy - 提取码错误: a05q
2023-12-05 14:53:09.764 [INFO] RetryStrategy - 提取码错误: 00b3
2023-12-05 14:53:09.846 [INFO] RetryStrategy - 提取码错误: a05k
2023-12-05 14:53:09.869 [INFO] RetryStrategy - 提取码错误: a05j
2023-12-05 14:53:09.941 [INFO] RetryStrategy - 提取码错误: a05l
2023-12-05 14:53:09.983 [INFO] RetryStrategy - 提取码错误: 00aw
2023-12-05 14:53:09.996 [INFO] RetryStrategy - 提取码错误: 00c9
2023-12-05 14:53:10.009 [INFO] RetryStrategy - 提取码错误: a073
2023-12-05 14:53:10.019 [INFO] RetryStrategy - 提取码错误: 00ax
2023-12-05 14:53:10.129 [INFO] RetryStrategy - 提取码错误: a05f
2023-12-05 14:53:10.141 [INFO] RetryStrategy - 提取码错误: a05m
2023-12-05 14:53:10.221 [INFO] RetryStrategy - 提取码错误: a05g
2023-12-05 14:53:10.261 [INFO] RetryStrategy - 提取码错误: a05h
2023-12-05 14:53:10.277 [INFO] RetryStrategy - 提取码错误: a06c
2023-12-05 14:53:10.317 [INFO] RetryStrategy - 提取码错误: a05i
2023-12-05 14:53:10.321 [INFO] RetryStrategy - 提取码错误: a06d
2023-12-05 14:53:10.399 [INFO] RetryStrategy - 提取码错误: 00c7
2023-12-05 14:53:10.518 [INFO] RetryStrategy - 提取码错误: 00av
2023-12-05 14:53:10.523 [INFO] RetryStrategy - 提取码错误: 00au
2023-12-05 14:53:10.555 [INFO] RetryStrategy - 提取码错误: a06e
2023-12-05 14:53:10.587 [INFO] RetryStrategy - 提取码错误: 00as
2023-12-05 14:53:10.667 [INFO] RetryStrategy - 提取码错误: a06f
2023-12-05 14:53:10.764 [INFO] RetryStrategy - 提取码错误: 00c6
2023-12-05 14:53:10.824 [INFO] RetryStrategy - 提取码错误: 00c3
2023-12-05 14:53:10.852 [INFO] RetryStrategy - 提取码错误: 00at
2023-12-05 14:53:10.857 [INFO] RetryStrategy - 提取码错误: 00aq
2023-12-05 14:53:10.887 [INFO] RetryStrategy - 提取码错误: 00c8
2023-12-05 14:53:10.928 [INFO] RetryStrategy - 提取码错误: 00c4
2023-12-05 14:53:11.039 [INFO] RetryStrategy - 提取码错误: 00c5
2023-12-05 14:53:11.053 [INFO] RetryStrategy - 提取码错误: 00ar
2023-12-05 14:53:11.079 [INFO] RetryStrategy - 提取码错误: 00ba
2023-12-05 14:53:11.134 [INFO] RetryStrategy - 提取码错误: 00az
2023-12-05 14:53:11.285 [INFO] RetryStrategy - 提取码错误: 00ay
2023-12-05 14:53:11.306 [INFO] RetryStrategy - 提取码错误: 00ah
2023-12-05 14:53:11.306 [INFO] RetryStrategy - 提取码错误: a06a
2023-12-05 14:53:11.327 [INFO] RetryStrategy - 提取码错误: 00ae
2023-12-05 14:53:11.345 [INFO] RetryStrategy - 提取码错误: 00af
2023-12-05 14:53:11.378 [INFO] RetryStrategy - 提取码错误: 00ac
2023-12-05 14:53:11.566 [INFO] RetryStrategy - 提取码错误: a06b
2023-12-05 14:53:11.569 [INFO] RetryStrategy - 提取码错误: 00ad
2023-12-05 14:53:11.596 [INFO] RetryStrategy - 提取码错误: 00aa
2023-12-05 14:53:11.601 [INFO] RetryStrategy - 提取码错误: 00c1
2023-12-05 14:53:11.612 [INFO] RetryStrategy - 提取码错误: 00ab
2023-12-05 14:53:11.669 [INFO] RetryStrategy - 提取码错误: 00ao
2023-12-05 14:53:11.827 [INFO] RetryStrategy - 提取码错误: 00c2
2023-12-05 14:53:11.881 [INFO] RetryStrategy - 提取码错误: a05v
2023-12-05 14:53:11.888 [INFO] RetryStrategy - 提取码错误: 00ap
2023-12-05 14:53:11.906 [INFO] RetryStrategy - 提取码错误: a05z
2023-12-05 14:53:11.911 [INFO] RetryStrategy - 提取码错误: 00am
2023-12-05 14:53:11.960 [INFO] RetryStrategy - 提取码错误: 00c0
2023-12-05 14:53:12.152 [INFO] RetryStrategy - 提取码错误: 00ak
2023-12-05 14:53:12.160 [INFO] RetryStrategy - 提取码错误: 00an
2023-12-05 14:53:12.183 [INFO] RetryStrategy - 提取码错误: a079
2023-12-05 14:53:12.236 [INFO] RetryStrategy - 提取码错误: a05x
2023-12-05 14:53:12.267 [INFO] RetryStrategy - 提取码错误: a078
2023-12-05 14:53:12.418 [INFO] RetryStrategy - 提取码错误: 00ag
2023-12-05 14:53:12.425 [INFO] RetryStrategy - 提取码错误: 00al
2023-12-05 14:53:12.437 [INFO] RetryStrategy - 提取码错误: 00ai
2023-12-05 14:53:12.454 [INFO] RetryStrategy - 提取码错误: 00aj
2023-12-05 14:53:12.500 [INFO] RetryStrategy - 提取码错误: 00bx
2023-12-05 14:53:12.540 [INFO] RetryStrategy - 提取码错误: 00by
2023-12-05 14:53:12.701 [INFO] RetryStrategy - 提取码错误: a08u
2023-12-05 14:53:12.714 [INFO] RetryStrategy - 提取码错误: 00bv
2023-12-05 14:53:12.741 [INFO] RetryStrategy - 提取码错误: a08v
2023-12-05 14:53:12.776 [INFO] RetryStrategy - 提取码错误: a05y
2023-12-05 14:53:12.788 [INFO] RetryStrategy - 提取码错误: 00d9
2023-12-05 14:53:12.986 [INFO] RetryStrategy - 提取码错误: 00bw
2023-12-05 14:53:12.988 [INFO] RetryStrategy - 提取码错误: 00d6
2023-12-05 14:53:13.015 [INFO] RetryStrategy - 提取码错误: a05w
2023-12-05 14:53:13.035 [INFO] RetryStrategy - 提取码错误: 00bt
2023-12-05 14:53:13.073 [INFO] RetryStrategy - 提取码错误: 00d7
2023-12-05 14:53:13.089 [INFO] RetryStrategy - 提取码错误: 00bu
2023-12-05 14:53:13.247 [INFO] RetryStrategy - 提取码错误: 00br
2023-12-05 14:53:13.280 [INFO] RetryStrategy - 提取码错误: a08w
2023-12-05 14:53:13.323 [INFO] RetryStrategy - 提取码错误: 00d8
2023-12-05 14:53:13.326 [INFO] RetryStrategy - 提取码错误: a08x
2023-12-05 14:53:13.327 [INFO] RetryStrategy - 提取码错误: 00d4
2023-12-05 14:53:13.344 [INFO] RetryStrategy - 提取码错误: 00d5
2023-12-05 14:53:13.366 [INFO] RetryStrategy - 提取码错误: 00bs
2023-12-05 14:53:13.494 [INFO] RetryStrategy - 提取码错误: 00ca
2023-12-05 14:53:13.587 [INFO] RetryStrategy - 提取码错误: 00bh
2023-12-05 14:53:13.591 [INFO] RetryStrategy - 提取码错误: 00bz
2023-12-05 14:53:13.613 [INFO] RetryStrategy - 提取码错误: a08q
2023-12-05 14:53:13.642 [INFO] RetryStrategy - 提取码错误: a08r
2023-12-05 14:53:13.685 [INFO] RetryStrategy - 提取码错误: 00bi
2023-12-05 14:53:13.757 [INFO] RetryStrategy - 提取码错误: 00bf
2023-12-05 14:53:13.868 [INFO] RetryStrategy - 提取码错误: a08s
2023-12-05 14:53:13.894 [INFO] RetryStrategy - 提取码错误: 00bg
2023-12-05 14:53:13.918 [INFO] RetryStrategy - 提取码错误: a08m
2023-12-05 14:53:13.971 [INFO] RetryStrategy - 提取码错误: 00cb
2023-12-05 14:53:13.980 [INFO] RetryStrategy - 提取码错误: 00bd
2023-12-05 14:53:14.006 [INFO] RetryStrategy - 提取码错误: 00be
2023-12-05 14:53:14.136 [INFO] RetryStrategy - 提取码错误: 00bb
2023-12-05 14:53:14.201 [INFO] RetryStrategy - 提取码错误: 00bc
2023-12-05 14:53:14.235 [INFO] RetryStrategy - 提取码错误: 00d3
2023-12-05 14:53:14.239 [INFO] RetryStrategy - 提取码错误: 00bp
2023-12-05 14:53:14.241 [INFO] RetryStrategy - 提取码错误: 00d2
2023-12-05 14:53:14.261 [INFO] RetryStrategy - 提取码错误: 00bq
2023-12-05 14:53:14.390 [INFO] RetryStrategy - 提取码错误: a08t
2023-12-05 14:53:14.409 [INFO] RetryStrategy - 提取码错误: 00d0
2023-12-05 14:53:14.500 [INFO] RetryStrategy - 提取码错误: 00bn
2023-12-05 14:53:14.503 [INFO] RetryStrategy - 提取码错误: 00bl
2023-12-05 14:53:14.537 [INFO] RetryStrategy - 提取码错误: 00bm
2023-12-05 14:53:14.551 [INFO] RetryStrategy - 提取码错误: 00bo
2023-12-05 14:53:14.665 [INFO] RetryStrategy - 提取码错误: 00bj
2023-12-05 14:53:14.754 [INFO] RetryStrategy - 提取码错误: 00cy
2023-12-05 14:53:14.776 [INFO] RetryStrategy - 提取码错误: a08n
2023-12-05 14:53:14.782 [INFO] RetryStrategy - 提取码错误: 00cz
2023-12-05 14:53:14.908 [INFO] RetryStrategy - 提取码错误: 00e9
2023-12-05 14:53:14.943 [INFO] RetryStrategy - 提取码错误: 00cw
2023-12-05 14:53:15.046 [INFO] RetryStrategy - 提取码错误: 00e7
2023-12-05 14:53:15.046 [INFO] RetryStrategy - 提取码错误: 00cu
2023-12-05 14:53:15.051 [INFO] RetryStrategy - 提取码错误: 00cx
2023-12-05 14:53:15.117 [INFO] RetryStrategy - 提取码错误: 00bk
2023-12-05 14:53:15.334 [INFO] RetryStrategy - 提取码错误: 00cs
2023-12-05 14:53:15.337 [INFO] RetryStrategy - 提取码错误: a08o
2023-12-05 14:53:15.340 [INFO] RetryStrategy - 提取码错误: 00e5
2023-12-05 14:53:15.390 [INFO] RetryStrategy - 提取码错误: 00e6
2023-12-05 14:53:15.428 [INFO] RetryStrategy - 提取码错误: 00d1
2023-12-05 14:53:15.440 [INFO] RetryStrategy - 提取码错误: 00e8
2023-12-05 14:53:15.603 [INFO] RetryStrategy - 提取码错误: 00ct
2023-12-05 14:53:15.605 [INFO] RetryStrategy - 提取码错误: a08p
2023-12-05 14:53:15.640 [INFO] RetryStrategy - 提取码错误: 00db
2023-12-05 14:53:15.647 [INFO] RetryStrategy - 提取码错误: a08i
2023-12-05 14:53:15.671 [INFO] RetryStrategy - 提取码错误: 00cv
2023-12-05 14:53:15.704 [INFO] RetryStrategy - 提取码错误: 00da
2023-12-05 14:53:15.785 [INFO] RetryStrategy - 提取码错误: 00dc
2023-12-05 14:53:15.858 [INFO] RetryStrategy - 提取码错误: 00ci
2023-12-05 14:53:15.884 [INFO] RetryStrategy - 提取码错误: 00cj
2023-12-05 14:53:15.890 [INFO] RetryStrategy - 提取码错误: 00ch
2023-12-05 14:53:15.917 [INFO] RetryStrategy - 提取码错误: 00ce
2023-12-05 14:53:15.939 [INFO] RetryStrategy - 提取码错误: 00cg
2023-12-05 14:53:15.985 [INFO] RetryStrategy - 提取码错误: 00cf
2023-12-05 14:53:16.065 [INFO] RetryStrategy - 提取码错误: 00cc
2023-12-05 14:53:16.118 [INFO] RetryStrategy - 提取码错误: 00cd
2023-12-05 14:53:16.120 [INFO] RetryStrategy - 提取码错误: 00e3
2023-12-05 14:53:16.156 [INFO] RetryStrategy - 提取码错误: 00cq
2023-12-05 14:53:16.194 [INFO] RetryStrategy - 提取码错误: 00e4
2023-12-05 14:53:16.205 [INFO] RetryStrategy - 提取码错误: 00cr
2023-12-05 14:53:16.283 [INFO] RetryStrategy - 提取码错误: 00e1
2023-12-05 14:53:16.328 [INFO] RetryStrategy - 提取码错误: 00co
2023-12-05 14:53:16.365 [INFO] RetryStrategy - 提取码错误: 00e2
2023-12-05 14:53:16.400 [INFO] RetryStrategy - 提取码错误: 00cp
2023-12-05 14:53:16.433 [INFO] RetryStrategy - 提取码错误: 00cm
2023-12-05 14:53:16.450 [INFO] RetryStrategy - 提取码错误: 00e0
2023-12-05 14:53:16.527 [INFO] RetryStrategy - 提取码错误: a08j
2023-12-05 14:53:16.556 [INFO] RetryStrategy - 提取码错误: 00cn
2023-12-05 14:53:16.601 [INFO] RetryStrategy - 提取码错误: 00ck
2023-12-05 14:53:16.656 [INFO] RetryStrategy - 提取码错误: 00cl
2023-12-05 14:53:16.698 [INFO] RetryStrategy - 提取码错误: 00dz
2023-12-05 14:53:16.726 [INFO] RetryStrategy - 提取码错误: 00dy
2023-12-05 14:53:16.732 [INFO] RetryStrategy - 提取码错误: 00dx
2023-12-05 14:53:16.802 [INFO] RetryStrategy - 提取码错误: 00f8
2023-12-05 14:53:16.849 [INFO] RetryStrategy - 提取码错误: 00dv
2023-12-05 14:53:16.868 [INFO] RetryStrategy - 提取码错误: 00f9
2023-12-05 14:53:16.923 [INFO] RetryStrategy - 提取码错误: 00dw
2023-12-05 14:53:16.990 [INFO] RetryStrategy - 提取码错误: a08k
2023-12-05 14:53:16.997 [INFO] RetryStrategy - 提取码错误: 00f6
2023-12-05 14:53:17.084 [INFO] RetryStrategy - 提取码错误: a08l
2023-12-05 14:53:17.086 [INFO] RetryStrategy - 提取码错误: 00dt
2023-12-05 14:53:17.129 [INFO] RetryStrategy - 提取码错误: 00f7
2023-12-05 14:53:17.178 [INFO] RetryStrategy - 提取码错误: 00ec
2023-12-05 14:53:17.248 [INFO] RetryStrategy - 提取码错误: 00ed
2023-12-05 14:53:17.268 [INFO] RetryStrategy - 提取码错误: a09f
2023-12-05 14:53:17.342 [INFO] RetryStrategy - 提取码错误: 00ea
2023-12-05 14:53:17.349 [INFO] RetryStrategy - 提取码错误: 00eb
2023-12-05 14:53:17.389 [INFO] RetryStrategy - 提取码错误: 00dj
2023-12-05 14:53:17.434 [INFO] RetryStrategy - 提取码错误: 00dk
2023-12-05 14:53:17.528 [INFO] RetryStrategy - 提取码错误: a09h
2023-12-05 14:53:17.536 [INFO] RetryStrategy - 提取码错误: a09g
2023-12-05 14:53:17.604 [INFO] RetryStrategy - 提取码错误: 00du
2023-12-05 14:53:17.623 [INFO] RetryStrategy - 提取码错误: 00di
2023-12-05 14:53:17.647 [INFO] RetryStrategy - 提取码错误: 00df
2023-12-05 14:53:17.706 [INFO] RetryStrategy - 提取码错误: a09i
2023-12-05 14:53:17.796 [INFO] RetryStrategy - 提取码错误: a09c
2023-12-05 14:53:17.822 [INFO] RetryStrategy - 提取码错误: a09b
2023-12-05 14:53:17.868 [INFO] RetryStrategy - 提取码错误: 00dg
2023-12-05 14:53:17.895 [INFO] RetryStrategy - 提取码错误: 00dd
2023-12-05 14:53:17.954 [INFO] RetryStrategy - 提取码错误: 00de
2023-12-05 14:53:17.973 [INFO] RetryStrategy - 提取码错误: 00f4
2023-12-05 14:53:18.089 [INFO] RetryStrategy - 提取码错误: 00dh
2023-12-05 14:53:18.113 [INFO] RetryStrategy - 提取码错误: 00f5
2023-12-05 14:53:18.146 [INFO] RetryStrategy - 提取码错误: 00f2
2023-12-05 14:53:18.162 [INFO] RetryStrategy - 提取码错误: 00dr
2023-12-05 14:53:18.167 [INFO] RetryStrategy - 提取码错误: 00ds
2023-12-05 14:53:18.231 [INFO] RetryStrategy - 提取码错误: 00dp
2023-12-05 14:53:18.233 [INFO] RetryStrategy - 提取码错误: 00f3
2023-12-05 14:53:18.351 [INFO] RetryStrategy - 提取码错误: 00dq
2023-12-05 14:53:18.428 [INFO] RetryStrategy - 提取码错误: 00dn
2023-12-05 14:53:18.435 [INFO] RetryStrategy - 提取码错误: 00do
2023-12-05 14:53:18.435 [INFO] RetryStrategy - 提取码错误: 00f1
2023-12-05 14:53:18.457 [INFO] RetryStrategy - 提取码错误: 00f0
2023-12-05 14:53:18.485 [INFO] RetryStrategy - 提取码错误: a09d
2023-12-05 14:53:18.496 [INFO] RetryStrategy - 提取码错误: 00dl
2023-12-05 14:53:18.644 [INFO] RetryStrategy - 提取码错误: 00dm
2023-12-05 14:53:18.678 [INFO] RetryStrategy - 提取码错误: 00ey
2023-12-05 14:53:18.698 [INFO] RetryStrategy - 提取码错误: 00ez
2023-12-05 14:53:18.725 [INFO] RetryStrategy - 提取码错误: 00g9
2023-12-05 14:53:18.738 [INFO] RetryStrategy - 提取码错误: a09e
2023-12-05 14:53:18.740 [INFO] RetryStrategy - 提取码错误: 00ew
2023-12-05 14:53:18.779 [INFO] RetryStrategy - 提取码错误: 00ex
2023-12-05 14:53:18.940 [INFO] RetryStrategy - 提取码错误: 00g7
2023-12-05 14:53:18.952 [INFO] RetryStrategy - 提取码错误: 00eu
2023-12-05 14:53:18.964 [INFO] RetryStrategy - 提取码错误: 00g8
2023-12-05 14:53:18.977 [INFO] RetryStrategy - 提取码错误: 00fe
2023-12-05 14:53:19.027 [INFO] RetryStrategy - 提取码错误: 00ev
2023-12-05 14:53:19.059 [INFO] RetryStrategy - 提取码错误: 00fb
2023-12-05 14:53:19.084 [INFO] RetryStrategy - 提取码错误: 00fd
2023-12-05 14:53:19.210 [INFO] RetryStrategy - 提取码错误: 00ek
2023-12-05 14:53:19.214 [INFO] RetryStrategy - 提取码错误: 00fc
2023-12-05 14:53:19.237 [INFO] RetryStrategy - 提取码错误: 00fa
2023-12-05 14:53:19.252 [INFO] RetryStrategy - 提取码错误: 00el
2023-12-05 14:53:19.331 [INFO] RetryStrategy - 提取码错误: 00ei
2023-12-05 14:53:19.343 [INFO] RetryStrategy - 提取码错误: 00ej
2023-12-05 14:53:19.383 [INFO] RetryStrategy - 提取码错误: 00eg
2023-12-05 14:53:19.476 [INFO] RetryStrategy - 提取码错误: 00eh
2023-12-05 14:53:19.508 [INFO] RetryStrategy - 提取码错误: 00ef
2023-12-05 14:53:19.523 [INFO] RetryStrategy - 提取码错误: 00g5
2023-12-05 14:53:19.530 [INFO] RetryStrategy - 提取码错误: 00ee
2023-12-05 14:53:19.612 [INFO] RetryStrategy - 提取码错误: 00es
2023-12-05 14:53:19.620 [INFO] RetryStrategy - 提取码错误: 00g6
2023-12-05 14:53:19.716 [INFO] RetryStrategy - 提取码错误: a09a
2023-12-05 14:53:19.730 [INFO] RetryStrategy - 提取码错误: 00et
2023-12-05 14:53:19.769 [INFO] RetryStrategy - 提取码错误: 00g3
2023-12-05 14:53:19.794 [INFO] RetryStrategy - 提取码错误: 00eq
2023-12-05 14:53:19.849 [INFO] RetryStrategy - 提取码错误: 00g4
2023-12-05 14:53:19.897 [INFO] RetryStrategy - 提取码错误: a08y
2023-12-05 14:53:19.904 [INFO] RetryStrategy - 提取码错误: 00er
2023-12-05 14:53:20.016 [INFO] RetryStrategy - 提取码错误: 00g1
2023-12-05 14:53:20.017 [INFO] RetryStrategy - 提取码错误: 00eo
2023-12-05 14:53:20.026 [INFO] RetryStrategy - 提取码错误: 00g2
2023-12-05 14:53:20.089 [INFO] RetryStrategy - 提取码错误: 00ep
2023-12-05 14:53:20.114 [INFO] RetryStrategy - 提取码错误: a08z
2023-12-05 14:53:20.186 [INFO] RetryStrategy - 提取码错误: 00g0
2023-12-05 14:53:20.199 [INFO] RetryStrategy - 提取码错误: 00em
2023-12-05 14:53:20.288 [INFO] RetryStrategy - 提取码错误: 00fz
2023-12-05 14:53:20.292 [INFO] RetryStrategy - 提取码错误: 00fx
2023-12-05 14:53:20.313 [INFO] RetryStrategy - 提取码错误: 00en
2023-12-05 14:53:20.372 [INFO] RetryStrategy - 提取码错误: 00fy
2023-12-05 14:53:20.387 [INFO] RetryStrategy - 提取码错误: 00h8
2023-12-05 14:53:20.507 [INFO] RetryStrategy - 提取码错误: 00fv
2023-12-05 14:53:20.565 [INFO] RetryStrategy - 提取码错误: 00h9
2023-12-05 14:53:20.570 [INFO] RetryStrategy - 提取码错误: 00gf
2023-12-05 14:53:20.615 [INFO] RetryStrategy - 提取码错误: 00ge
2023-12-05 14:53:20.640 [INFO] RetryStrategy - 提取码错误: 00gd
2023-12-05 14:53:20.649 [INFO] RetryStrategy - 提取码错误: 00gc
2023-12-05 14:53:20.682 [INFO] RetryStrategy - 提取码错误: 00fw
2023-12-05 14:53:20.810 [INFO] RetryStrategy - 提取码错误: 00ga
2023-12-05 14:53:20.824 [INFO] RetryStrategy - 提取码错误: a096
2023-12-05 14:53:20.839 [INFO] RetryStrategy - 提取码错误: 00gb
2023-12-05 14:53:20.889 [INFO] RetryStrategy - 提取码错误: 00fl
2023-12-05 14:53:20.909 [INFO] RetryStrategy - 提取码错误: 00fm
2023-12-05 14:53:20.927 [INFO] RetryStrategy - 提取码错误: 00fj
2023-12-05 14:53:20.958 [INFO] RetryStrategy - 提取码错误: 00fk
2023-12-05 14:53:21.113 [INFO] RetryStrategy - 提取码错误: 00fh
2023-12-05 14:53:21.154 [INFO] RetryStrategy - 提取码错误: 00ff
2023-12-05 14:53:21.161 [INFO] RetryStrategy - 提取码错误: 00fg
2023-12-05 14:53:21.169 [INFO] RetryStrategy - 提取码错误: 00h6
2023-12-05 14:53:21.246 [INFO] RetryStrategy - 提取码错误: 00h7
2023-12-05 14:53:21.263 [INFO] RetryStrategy - 提取码错误: 00ft
2023-12-05 14:53:21.447 [INFO] RetryStrategy - 提取码错误: 00h4
2023-12-05 14:53:21.447 [INFO] RetryStrategy - 提取码错误: 00fr
2023-12-05 14:53:21.484 [INFO] RetryStrategy - 提取码错误: 00fu
2023-12-05 14:53:21.521 [INFO] RetryStrategy - 提取码错误: 00h5
2023-12-05 14:53:21.545 [INFO] RetryStrategy - 提取码错误: 00fs
2023-12-05 14:53:21.551 [INFO] RetryStrategy - 提取码错误: 00fi
2023-12-05 14:53:21.559 [INFO] RetryStrategy - 提取码错误: 00h2
2023-12-05 14:53:21.702 [INFO] RetryStrategy - 提取码错误: 00h3
2023-12-05 14:53:21.796 [INFO] RetryStrategy - 提取码错误: 00fq
2023-12-05 14:53:21.799 [INFO] RetryStrategy - 提取码错误: 00h0
2023-12-05 14:53:21.810 [INFO] RetryStrategy - 提取码错误: 00fn
2023-12-05 14:53:21.812 [INFO] RetryStrategy - 提取码错误: a07t
2023-12-05 14:53:21.868 [INFO] RetryStrategy - 提取码错误: a097
2023-12-05 14:53:21.947 [INFO] RetryStrategy - 提取码错误: 00fp
2023-12-05 14:53:21.970 [INFO] RetryStrategy - 提取码错误: a07u
2023-12-05 14:53:22.092 [INFO] RetryStrategy - 提取码错误: 00gy
2023-12-05 14:53:22.101 [INFO] RetryStrategy - 提取码错误: 00h1
2023-12-05 14:53:22.108 [INFO] RetryStrategy - 提取码错误: 00fo
2023-12-05 14:53:22.110 [INFO] RetryStrategy - 提取码错误: 00gz
2023-12-05 14:53:22.135 [INFO] RetryStrategy - 提取码错误: 00i9
2023-12-05 14:53:22.286 [INFO] RetryStrategy - 提取码错误: 00gx
2023-12-05 14:53:22.366 [INFO] RetryStrategy - 提取码错误: 00hg
2023-12-05 14:53:22.388 [INFO] RetryStrategy - 提取码错误: 00hf
2023-12-05 14:53:22.414 [INFO] RetryStrategy - 提取码错误: 00gw
2023-12-05 14:53:22.415 [INFO] RetryStrategy - 提取码错误: 00hb
2023-12-05 14:53:22.438 [INFO] RetryStrategy - 提取码错误: 00he
2023-12-05 14:53:22.451 [INFO] RetryStrategy - 提取码错误: 00hd
2023-12-05 14:53:22.559 [INFO] RetryStrategy - 提取码错误: 00hc
2023-12-05 14:53:22.635 [INFO] RetryStrategy - 提取码错误: a098
2023-12-05 14:53:22.664 [INFO] RetryStrategy - 提取码错误: 00ha
2023-12-05 14:53:22.672 [INFO] RetryStrategy - 提取码错误: 00gm
2023-12-05 14:53:22.688 [INFO] RetryStrategy - 提取码错误: 00gn
2023-12-05 14:53:22.694 [INFO] RetryStrategy - 提取码错误: 00i0
2023-12-05 14:53:22.726 [INFO] RetryStrategy - 提取码错误: a07v
2023-12-05 14:53:22.902 [INFO] RetryStrategy - 提取码错误: 00gk
2023-12-05 14:53:22.932 [INFO] RetryStrategy - 提取码错误: a07w
2023-12-05 14:53:22.945 [INFO] RetryStrategy - 提取码错误: 00gi
2023-12-05 14:53:22.964 [INFO] RetryStrategy - 提取码错误: 00gj
2023-12-05 14:53:23.033 [INFO] RetryStrategy - 提取码错误: 00gh
2023-12-05 14:53:23.158 [INFO] RetryStrategy - 提取码错误: 00i7
2023-12-05 14:53:23.209 [INFO] RetryStrategy - 提取码错误: 00gu
2023-12-05 14:53:23.215 [INFO] RetryStrategy - 提取码错误: 00i8
2023-12-05 14:53:23.284 [INFO] RetryStrategy - 提取码错误: 00i5
2023-12-05 14:53:23.402 [INFO] RetryStrategy - 提取码错误: 00gg
2023-12-05 14:53:23.413 [INFO] RetryStrategy - 提取码错误: 00gs
2023-12-05 14:53:23.489 [INFO] RetryStrategy - 提取码错误: 00i6
2023-12-05 14:53:23.496 [INFO] RetryStrategy - 提取码错误: 00gt
2023-12-05 14:53:23.569 [INFO] RetryStrategy - 提取码错误: 00i3
2023-12-05 14:53:23.656 [INFO] RetryStrategy - 提取码错误: 00gv
2023-12-05 14:53:23.666 [INFO] RetryStrategy - 提取码错误: a099
2023-12-05 14:53:23.681 [INFO] RetryStrategy - 提取码错误: 00gq
2023-12-05 14:53:23.771 [INFO] RetryStrategy - 提取码错误: a092
2023-12-05 14:53:23.785 [INFO] RetryStrategy - 提取码错误: 00i4
2023-12-05 14:53:23.800 [INFO] RetryStrategy - 提取码错误: 00gl
2023-12-05 14:53:23.839 [INFO] RetryStrategy - 提取码错误: 00gr
2023-12-05 14:53:23.918 [INFO] RetryStrategy - 提取码错误: a07p
2023-12-05 14:53:23.940 [INFO] RetryStrategy - 提取码错误: a07q
2023-12-05 14:53:24.035 [INFO] RetryStrategy - 提取码错误: 00i1
2023-12-05 14:53:24.080 [INFO] RetryStrategy - 提取码错误: 00go
2023-12-05 14:53:24.121 [INFO] RetryStrategy - 提取码错误: 00gp
2023-12-05 14:53:24.232 [INFO] RetryStrategy - 提取码错误: 00hx
2023-12-05 14:53:24.269 [INFO] RetryStrategy - 提取码错误: 00hz
2023-12-05 14:53:24.284 [INFO] RetryStrategy - 提取码错误: 00hy
2023-12-05 14:53:24.340 [INFO] RetryStrategy - 提取码错误: 00ig
2023-12-05 14:53:24.392 [INFO] RetryStrategy - 提取码错误: a093
2023-12-05 14:53:24.544 [INFO] RetryStrategy - 提取码错误: 00ih
2023-12-05 14:53:24.546 [INFO] RetryStrategy - 提取码错误: 00if
2023-12-05 14:53:24.557 [INFO] RetryStrategy - 提取码错误: 00ic
2023-12-05 14:53:24.628 [INFO] RetryStrategy - 提取码错误: 00id
2023-12-05 14:53:24.766 [INFO] RetryStrategy - 提取码错误: 00ie
2023-12-05 14:53:24.800 [INFO] RetryStrategy - 提取码错误: 00ib
2023-12-05 14:53:24.831 [INFO] RetryStrategy - 提取码错误: 00hn
2023-12-05 14:53:24.835 [INFO] RetryStrategy - 提取码错误: 00ia
2023-12-05 14:53:24.855 [INFO] RetryStrategy - 提取码错误: 00j0
2023-12-05 14:53:24.902 [INFO] RetryStrategy - 提取码错误: 00j1
2023-12-05 14:53:25.059 [INFO] RetryStrategy - 提取码错误: 00ho
2023-12-05 14:53:25.085 [INFO] RetryStrategy - 提取码错误: 00hl
2023-12-05 14:53:25.130 [INFO] RetryStrategy - 提取码错误: 00hj
2023-12-05 14:53:25.152 [INFO] RetryStrategy - 提取码错误: 00hm
2023-12-05 14:53:25.184 [INFO] RetryStrategy - 提取码错误: 00hh
2023-12-05 14:53:25.331 [INFO] RetryStrategy - 提取码错误: a094
2023-12-05 14:53:25.346 [INFO] RetryStrategy - 提取码错误: 00hi
2023-12-05 14:53:25.424 [INFO] RetryStrategy - 提取码错误: a07r
2023-12-05 14:53:25.451 [INFO] RetryStrategy - 提取码错误: 00j8
2023-12-05 14:53:25.455 [INFO] RetryStrategy - 提取码错误: 00hv
2023-12-05 14:53:25.521 [INFO] RetryStrategy - 提取码错误: 00i2
2023-12-05 14:53:25.607 [INFO] RetryStrategy - 提取码错误: 00hw
2023-12-05 14:53:25.628 [INFO] RetryStrategy - 提取码错误: 00j9
2023-12-05 14:53:25.694 [INFO] RetryStrategy - 提取码错误: 00j6
2023-12-05 14:53:25.727 [INFO] RetryStrategy - 提取码错误: 00ht
2023-12-05 14:53:25.762 [INFO] RetryStrategy - 提取码错误: 00j7
2023-12-05 14:53:25.896 [INFO] RetryStrategy - 提取码错误: 00j4
2023-12-05 14:53:25.910 [INFO] RetryStrategy - 提取码错误: 00hr
2023-12-05 14:53:25.970 [INFO] RetryStrategy - 提取码错误: 00j5
2023-12-05 14:53:25.973 [INFO] RetryStrategy - 提取码错误: 00hs
2023-12-05 14:53:26.043 [INFO] RetryStrategy - 提取码错误: 00hk
2023-12-05 14:53:26.053 [INFO] RetryStrategy - 提取码错误: 00j2
2023-12-05 14:53:26.174 [INFO] RetryStrategy - 提取码错误: 00hp
2023-12-05 14:53:26.196 [INFO] RetryStrategy - 提取码错误: 00j3
2023-12-05 14:53:26.228 [INFO] RetryStrategy - 提取码错误: 00ja
2023-12-05 14:53:26.232 [INFO] RetryStrategy - 提取码错误: 00hq
2023-12-05 14:53:26.334 [INFO] RetryStrategy - 提取码错误: 00iz
2023-12-05 14:53:26.341 [INFO] RetryStrategy - 提取码错误: 00iy
2023-12-05 14:53:26.430 [INFO] RetryStrategy - 提取码错误: 00hu
2023-12-05 14:53:26.465 [INFO] RetryStrategy - 提取码错误: 00ji
2023-12-05 14:53:26.472 [INFO] RetryStrategy - 提取码错误: 00jh
2023-12-05 14:53:26.492 [INFO] RetryStrategy - 提取码错误: a095
2023-12-05 14:53:26.507 [INFO] RetryStrategy - 提取码错误: 00jf
2023-12-05 14:53:26.600 [INFO] RetryStrategy - 提取码错误: 00jd
2023-12-05 14:53:26.624 [INFO] RetryStrategy - 提取码错误: 00jg
2023-12-05 14:53:26.697 [INFO] RetryStrategy - 提取码错误: 00je
2023-12-05 14:53:26.712 [INFO] RetryStrategy - 提取码错误: 00jb
2023-12-05 14:53:26.735 [INFO] RetryStrategy - 提取码错误: 00jc
2023-12-05 14:53:26.791 [INFO] RetryStrategy - 提取码错误: a07s
2023-12-05 14:53:26.809 [INFO] RetryStrategy - 提取码错误: 00k1
2023-12-05 14:53:26.912 [INFO] RetryStrategy - 提取码错误: 00io
2023-12-05 14:53:26.937 [INFO] RetryStrategy - 提取码错误: a07l
2023-12-05 14:53:26.979 [INFO] RetryStrategy - 提取码错误: a07m
2023-12-05 14:53:27.001 [INFO] RetryStrategy - 提取码错误: 00ip
2023-12-05 14:53:27.072 [INFO] RetryStrategy - 提取码错误: 00im
2023-12-05 14:53:27.100 [INFO] RetryStrategy - 提取码错误: 00k2
2023-12-05 14:53:27.106 [INFO] RetryStrategy - 提取码错误: 00k0
2023-12-05 14:53:27.186 [INFO] RetryStrategy - 提取码错误: 00in
2023-12-05 14:53:27.233 [INFO] RetryStrategy - 提取码错误: 00ik
2023-12-05 14:53:27.263 [INFO] RetryStrategy - 提取码错误: 00ii
2023-12-05 14:53:27.351 [INFO] RetryStrategy - 提取码错误: a090
2023-12-05 14:53:27.393 [INFO] RetryStrategy - 提取码错误: 00k9
2023-12-05 14:53:27.456 [INFO] RetryStrategy - 提取码错误: a07n
2023-12-05 14:53:27.527 [INFO] RetryStrategy - 提取码错误: 00iw
2023-12-05 14:53:27.529 [INFO] RetryStrategy - 提取码错误: 00ix
2023-12-05 14:53:27.628 [INFO] RetryStrategy - 提取码错误: 00k7
2023-12-05 14:53:27.644 [INFO] RetryStrategy - 提取码错误: 00iu
2023-12-05 14:53:27.669 [INFO] RetryStrategy - 提取码错误: 00il
2023-12-05 14:53:27.738 [INFO] RetryStrategy - 提取码错误: 00k8
2023-12-05 14:53:27.775 [INFO] RetryStrategy - 提取码错误: 00iv
2023-12-05 14:53:27.779 [INFO] RetryStrategy - 提取码错误: 00ij
2023-12-05 14:53:27.837 [INFO] RetryStrategy - 提取码错误: 00k5
2023-12-05 14:53:27.901 [INFO] RetryStrategy - 提取码错误: 00k6
2023-12-05 14:53:27.974 [INFO] RetryStrategy - 提取码错误: a091
2023-12-05 14:53:28.000 [INFO] RetryStrategy - 提取码错误: 00it
2023-12-05 14:53:28.023 [INFO] RetryStrategy - 提取码错误: 00iq
2023-12-05 14:53:28.026 [INFO] RetryStrategy - 提取码错误: 00k3
2023-12-05 14:53:28.074 [INFO] RetryStrategy - 提取码错误: 00is
2023-12-05 14:53:28.204 [INFO] RetryStrategy - 提取码错误: a07o
2023-12-05 14:53:28.246 [INFO] RetryStrategy - 提取码错误: 00ka
2023-12-05 14:53:28.254 [INFO] RetryStrategy - 提取码错误: 00ir
2023-12-05 14:53:28.304 [INFO] RetryStrategy - 提取码错误: 00jz
2023-12-05 14:53:28.324 [INFO] RetryStrategy - 提取码错误: 00ki
2023-12-05 14:53:28.532 [INFO] RetryStrategy - 提取码错误: 00kg
2023-12-05 14:53:28.546 [INFO] RetryStrategy - 提取码错误: 00k4
2023-12-05 14:53:28.553 [INFO] RetryStrategy - 提取码错误: 00kj
2023-12-05 14:53:28.577 [INFO] RetryStrategy - 提取码错误: 00kf
2023-12-05 14:53:28.601 [INFO] RetryStrategy - 提取码错误: 00ke
2023-12-05 14:53:28.728 [INFO] RetryStrategy - 提取码错误: 00kb
2023-12-05 14:53:28.794 [INFO] RetryStrategy - 提取码错误: 00kd
2023-12-05 14:53:28.806 [INFO] RetryStrategy - 提取码错误: 00kc
2023-12-05 14:53:28.813 [INFO] RetryStrategy - 提取码错误: a07h
2023-12-05 14:53:28.828 [INFO] RetryStrategy - 提取码错误: 00l2
2023-12-05 14:53:28.939 [INFO] RetryStrategy - 提取码错误: a07i
2023-12-05 14:53:28.965 [INFO] CrackPasswordPool - 任务已提交完毕, 等待执行完成, 请勿强制停止程序.
2023-12-05 14:53:28.976 [INFO] RetryStrategy - 提取码错误: 00kh
2023-12-05 14:53:30.393 [INFO] CrackPasswordPool - 正在等待线程任务执行结束, 请勿强制停止程序.
2023-12-05 14:53:30.665 [INFO] CrackPasswordPool - shutdown工作处理完成, 已测试的密码已经写入文件: /workspaces/BaiduNetdiskFetchCodeCrack/passwordHasTest.txt.
2023-12-05 15:38:57.062 [INFO] CrackPasswordPool - 正在等待线程任务执行结束, 请勿强制停止程序.
2023-12-05 15:38:57.265 [INFO] CrackPasswordPool - shutdown工作处理完成, 已测试的密码已经写入文件: /workspaces/BaiduNetdiskFetchCodeCrack/passwordHasTest.txt.
